============================= test session starts =============================
platform win32 -- Python 3.13.7, pytest-9.1.1, pluggy-1.6.0 -- C:\Users\Aamin\AppData\Local\Programs\Python\Python313\python.exe
cachedir: .pytest_cache
rootdir: C:\Users\Aamin\Desktop\App\vaultkey\backend
configfile: pytest.ini
plugins: anyio-4.12.1
collecting ... collected 1 item

test_streaming.py::TestStreamingDownload::test_response_status_200 FAILED

================================== FAILURES ===================================
_______________ TestStreamingDownload.test_response_status_200 ________________

self = <test_streaming.TestStreamingDownload testMethod=test_response_status_200>

    def setUp(self):
        self.client = _make_client()
>       self.token = _register_and_login(self.client, "stream_dl_test@vaultkey.test")
                     ^^^^^^^^^^^^^^^^^^^^^^^^^^^^^^^^^^^^^^^^^^^^^^^^^^^^^^^^^^^^^^^^

test_streaming.py:155: 
_ _ _ _ _ _ _ _ _ _ _ _ _ _ _ _ _ _ _ _ _ _ _ _ _ _ _ _ _ _ _ _ _ _ _ _ _ _ _ _

client = <starlette.testclient.TestClient object at 0x000001DF4B97C830>
email = 'stream_dl_test@vaultkey.test'

    def _register_and_login(client: TestClient, email: str) -> str:
        password = "Streaming999!"
        resp = client.post("/api/auth/register", json={"email": email, "password": password})
        if resp.status_code == 400:
            # Already registered — try login instead
            resp = client.post("/api/auth/login", json={"email": email, "password": password})
        if not resp.is_success:
>           raise RuntimeError(f"auth failed {resp.status_code}: {resp.text}")
E           RuntimeError: auth failed 422: {"detail":[{"type":"value_error","loc":["body","email"],"msg":"value is not a valid email address: The part after the @-sign is a special-use or reserved name that cannot be used with email.","input":"stream_dl_test@vaultkey.test","ctx":{"reason":"The part after the @-sign is a special-use or reserved name that cannot be used with email."}}]}

test_streaming.py:40: RuntimeError
============================== warnings summary ===============================
..\..\..\..\AppData\Local\Programs\Python\Python313\Lib\site-packages\pydantic\_internal\_config.py:291
..\..\..\..\AppData\Local\Programs\Python\Python313\Lib\site-packages\pydantic\_internal\_config.py:291
..\..\..\..\AppData\Local\Programs\Python\Python313\Lib\site-packages\pydantic\_internal\_config.py:291
..\..\..\..\AppData\Local\Programs\Python\Python313\Lib\site-packages\pydantic\_internal\_config.py:291
..\..\..\..\AppData\Local\Programs\Python\Python313\Lib\site-packages\pydantic\_internal\_config.py:291
  C:\Users\Aamin\AppData\Local\Programs\Python\Python313\Lib\site-packages\pydantic\_internal\_config.py:291: PydanticDeprecatedSince20: Support for class-based `config` is deprecated, use ConfigDict instead. Deprecated in Pydantic V2.0 to be removed in V3.0. See Pydantic V2 Migration Guide at https://errors.pydantic.dev/2.9/migration/
    warnings.warn(DEPRECATION_MESSAGE, DeprecationWarning)

-- Docs: https://docs.pytest.org/en/stable/how-to/capture-warnings.html
=========================== short test summary info ===========================
FAILED test_streaming.py::TestStreamingDownload::test_response_status_200 - RuntimeError: auth failed 422: {"detail":[{"type":"value_error","loc":["body","email"],"msg":"value is not a valid email address: The part after the @-sign is a special-use or reserved name that cannot be used with email.","input":"stream_dl_test@vaultkey.test","ctx":{"reason":"The part after the @-sign is a special-use or reserved name that cannot be used with email."}}]}
======================== 1 failed, 5 warnings in 1.74s ========================
