============================= test session starts =============================
platform win32 -- Python 3.13.7, pytest-9.1.1, pluggy-1.6.0
rootdir: C:\Users\Aamin\Desktop\App\vaultkey\backend
configfile: pytest.ini
plugins: anyio-4.12.1
collected 1 item

test_streaming.py F                                                      [100%]

================================== FAILURES ===================================
_______________ TestStreamingDownload.test_response_status_200 ________________
test_streaming.py:195: in test_response_status_200
    self.assertEqual(resp.status_code, 200)
E   AssertionError: 403 != 200
============================== warnings summary ===============================
..\..\..\..\AppData\Local\Programs\Python\Python313\Lib\site-packages\pydantic\_internal\_config.py:291
..\..\..\..\AppData\Local\Programs\Python\Python313\Lib\site-packages\pydantic\_internal\_config.py:291
..\..\..\..\AppData\Local\Programs\Python\Python313\Lib\site-packages\pydantic\_internal\_config.py:291
..\..\..\..\AppData\Local\Programs\Python\Python313\Lib\site-packages\pydantic\_internal\_config.py:291
..\..\..\..\AppData\Local\Programs\Python\Python313\Lib\site-packages\pydantic\_internal\_config.py:291
  C:\Users\Aamin\AppData\Local\Programs\Python\Python313\Lib\site-packages\pydantic\_internal\_config.py:291: PydanticDeprecatedSince20: Support for class-based `config` is deprecated, use ConfigDict instead. Deprecated in Pydantic V2.0 to be removed in V3.0. See Pydantic V2 Migration Guide at https://errors.pydantic.dev/2.9/migration/
    warnings.warn(DEPRECATION_MESSAGE, DeprecationWarning)

-- Docs: https://docs.pytest.org/en/stable/how-to/capture-warnings.html
=========================== short test summary info ===========================
FAILED test_streaming.py::TestStreamingDownload::test_response_status_200 - A...
======================== 1 failed, 5 warnings in 1.40s ========================
