============================= test session starts =============================
platform win32 -- Python 3.13.7, pytest-9.1.1, pluggy-1.6.0
rootdir: C:\Users\Aamin\Desktop\App\vaultkey\backend
configfile: pytest.ini
plugins: anyio-4.12.1
collected 117 items

backend\test_security_exploration.py .............FFF.FF.........        [ 23%]
backend\test_security_preservation.py .......FF.F............FFFFFF.F... [ 52%]
......F.                                                                 [ 59%]
backend\test_streaming.py ............................                   [ 83%]
backend\test_vaultkey.py F                                               [ 84%]
backend\test_view_only.py EEEEEEEEEEEEEEEEEE                             [100%]

=================================== ERRORS ====================================
_ ERROR at setup of TestViewOnlyShareMode.test_01_download_share_download_endpoint_succeeds _
  + Exception Group Traceback (most recent call last):
  |   File "C:\Users\Aamin\AppData\Local\Programs\Python\Python313\Lib\site-packages\starlette\_utils.py", line 77, in collapse_excgroups
  |     yield
  |   File "C:\Users\Aamin\AppData\Local\Programs\Python\Python313\Lib\site-packages\starlette\middleware\base.py", line 186, in __call__
  |     async with anyio.create_task_group() as task_group:
  |                ~~~~~~~~~~~~~~~~~~~~~~~^^
  |   File "C:\Users\Aamin\AppData\Local\Programs\Python\Python313\Lib\site-packages\anyio\_backends\_asyncio.py", line 783, in __aexit__
  |     raise BaseExceptionGroup(
  |         "unhandled errors in a TaskGroup", self._exceptions
  |     ) from None
  | ExceptionGroup: unhandled errors in a TaskGroup (1 sub-exception)
  +-+---------------- 1 ----------------
    | Traceback (most recent call last):
    |   File "C:\Users\Aamin\AppData\Local\Programs\Python\Python313\Lib\site-packages\_pytest\runner.py", line 361, in from_call
    |     result: TResult | None = func()
    |                              ~~~~^^
    |   File "C:\Users\Aamin\AppData\Local\Programs\Python\Python313\Lib\site-packages\_pytest\runner.py", line 250, in <lambda>
    |     lambda: runtest_hook(item=item, **kwds),
    |             ~~~~~~~~~~~~^^^^^^^^^^^^^^^^^^^
    |   File "C:\Users\Aamin\AppData\Local\Programs\Python\Python313\Lib\site-packages\pluggy\_hooks.py", line 512, in __call__
    |     return self._hookexec(self.name, self._hookimpls.copy(), kwargs, firstresult)
    |            ~~~~~~~~~~~~~~^^^^^^^^^^^^^^^^^^^^^^^^^^^^^^^^^^^^^^^^^^^^^^^^^^^^^^^^
    |   File "C:\Users\Aamin\AppData\Local\Programs\Python\Python313\Lib\site-packages\pluggy\_manager.py", line 120, in _hookexec
    |     return self._inner_hookexec(hook_name, methods, kwargs, firstresult)
    |            ~~~~~~~~~~~~~~~~~~~~^^^^^^^^^^^^^^^^^^^^^^^^^^^^^^^^^^^^^^^^^
    |   File "C:\Users\Aamin\AppData\Local\Programs\Python\Python313\Lib\site-packages\pluggy\_callers.py", line 167, in _multicall
    |     raise exception
    |   File "C:\Users\Aamin\AppData\Local\Programs\Python\Python313\Lib\site-packages\pluggy\_callers.py", line 139, in _multicall
    |     teardown.throw(exception)
    |     ~~~~~~~~~~~~~~^^^^^^^^^^^
    |   File "C:\Users\Aamin\AppData\Local\Programs\Python\Python313\Lib\site-packages\_pytest\logging.py", line 858, in pytest_runtest_setup
    |     yield
    |   File "C:\Users\Aamin\AppData\Local\Programs\Python\Python313\Lib\site-packages\pluggy\_callers.py", line 139, in _multicall
    |     teardown.throw(exception)
    |     ~~~~~~~~~~~~~~^^^^^^^^^^^
    |   File "C:\Users\Aamin\AppData\Local\Programs\Python\Python313\Lib\site-packages\_pytest\capture.py", line 895, in pytest_runtest_setup
    |     return (yield)
    |             ^^^^^
    |   File "C:\Users\Aamin\AppData\Local\Programs\Python\Python313\Lib\site-packages\pluggy\_callers.py", line 121, in _multicall
    |     res = hook_impl.function(*args)
    |   File "C:\Users\Aamin\AppData\Local\Programs\Python\Python313\Lib\site-packages\_pytest\runner.py", line 170, in pytest_runtest_setup
    |     item.session._setupstate.setup(item)
    |     ~~~~~~~~~~~~~~~~~~~~~~~~~~~~~~^^^^^^
    |   File "C:\Users\Aamin\AppData\Local\Programs\Python\Python313\Lib\site-packages\_pytest\runner.py", line 536, in setup
    |     col.setup()
    |     ~~~~~~~~~^^
    |   File "C:\Users\Aamin\AppData\Local\Programs\Python\Python313\Lib\site-packages\_pytest\unittest.py", line 248, in setup
    |     super().setup()
    |     ~~~~~~~~~~~~~^^
    |   File "C:\Users\Aamin\AppData\Local\Programs\Python\Python313\Lib\site-packages\_pytest\python.py", line 1710, in setup
    |     self._request._fillfixtures()
    |     ~~~~~~~~~~~~~~~~~~~~~~~~~~~^^
    |   File "C:\Users\Aamin\AppData\Local\Programs\Python\Python313\Lib\site-packages\_pytest\fixtures.py", line 806, in _fillfixtures
    |     item.funcargs[argname] = self.getfixturevalue(argname)
    |                              ~~~~~~~~~~~~~~~~~~~~^^^^^^^^^
    |   File "C:\Users\Aamin\AppData\Local\Programs\Python\Python313\Lib\site-packages\_pytest\fixtures.py", line 630, in getfixturevalue
    |     fixturedef = self._get_active_fixturedef(argname)
    |   File "C:\Users\Aamin\AppData\Local\Programs\Python\Python313\Lib\site-packages\_pytest\fixtures.py", line 726, in _get_active_fixturedef
    |     fixturedef.execute(request=subrequest)
    |     ~~~~~~~~~~~~~~~~~~^^^^^^^^^^^^^^^^^^^^
    |   File "C:\Users\Aamin\AppData\Local\Programs\Python\Python313\Lib\site-packages\_pytest\fixtures.py", line 1232, in execute
    |     result: FixtureValue = ihook.pytest_fixture_setup(
    |                            ~~~~~~~~~~~~~~~~~~~~~~~~~~^
    |         fixturedef=self, request=request
    |         ^^^^^^^^^^^^^^^^^^^^^^^^^^^^^^^^
    |     )
    |     ^
    |   File "C:\Users\Aamin\AppData\Local\Programs\Python\Python313\Lib\site-packages\pluggy\_hooks.py", line 512, in __call__
    |     return self._hookexec(self.name, self._hookimpls.copy(), kwargs, firstresult)
    |            ~~~~~~~~~~~~~~^^^^^^^^^^^^^^^^^^^^^^^^^^^^^^^^^^^^^^^^^^^^^^^^^^^^^^^^
    |   File "C:\Users\Aamin\AppData\Local\Programs\Python\Python313\Lib\site-packages\pluggy\_manager.py", line 120, in _hookexec
    |     return self._inner_hookexec(hook_name, methods, kwargs, firstresult)
    |            ~~~~~~~~~~~~~~~~~~~~^^^^^^^^^^^^^^^^^^^^^^^^^^^^^^^^^^^^^^^^^
    |   File "C:\Users\Aamin\AppData\Local\Programs\Python\Python313\Lib\site-packages\pluggy\_callers.py", line 167, in _multicall
    |     raise exception
    |   File "C:\Users\Aamin\AppData\Local\Programs\Python\Python313\Lib\site-packages\pluggy\_callers.py", line 139, in _multicall
    |     teardown.throw(exception)
    |     ~~~~~~~~~~~~~~^^^^^^^^^^^
    |   File "C:\Users\Aamin\AppData\Local\Programs\Python\Python313\Lib\site-packages\pluggy\_callers.py", line 53, in run_old_style_hookwrapper
    |     return result.get_result()
    |            ~~~~~~~~~~~~~~~~~^^
    |   File "C:\Users\Aamin\AppData\Local\Programs\Python\Python313\Lib\site-packages\pluggy\_result.py", line 103, in get_result
    |     raise exc.with_traceback(tb)
    |   File "C:\Users\Aamin\AppData\Local\Programs\Python\Python313\Lib\site-packages\pluggy\_callers.py", line 38, in run_old_style_hookwrapper
    |     res = yield
    |           ^^^^^
    |   File "C:\Users\Aamin\AppData\Local\Programs\Python\Python313\Lib\site-packages\pluggy\_callers.py", line 139, in _multicall
    |     teardown.throw(exception)
    |     ~~~~~~~~~~~~~~^^^^^^^^^^^
    |   File "C:\Users\Aamin\AppData\Local\Programs\Python\Python313\Lib\site-packages\_pytest\setuponly.py", line 36, in pytest_fixture_setup
    |     return (yield)
    |             ^^^^^
    |   File "C:\Users\Aamin\AppData\Local\Programs\Python\Python313\Lib\site-packages\pluggy\_callers.py", line 121, in _multicall
    |     res = hook_impl.function(*args)
    |   File "C:\Users\Aamin\AppData\Local\Programs\Python\Python313\Lib\site-packages\_pytest\fixtures.py", line 1328, in pytest_fixture_setup
    |     result = call_fixture_func(fixturefunc, request, kwargs)
    |   File "C:\Users\Aamin\AppData\Local\Programs\Python\Python313\Lib\site-packages\_pytest\fixtures.py", line 998, in call_fixture_func
    |     fixture_result = next(generator)
    |   File "C:\Users\Aamin\AppData\Local\Programs\Python\Python313\Lib\site-packages\_pytest\unittest.py", line 159, in unittest_setup_class_fixture
    |     setup()
    |     ~~~~~^^
    |   File "C:\Users\Aamin\Desktop\App\vaultkey\backend\test_view_only.py", line 94, in setUpClass
    |     cls.file_id = _upload_file()
    |                   ~~~~~~~~~~~~^^
    |   File "C:\Users\Aamin\Desktop\App\vaultkey\backend\test_view_only.py", line 65, in _upload_file
    |     r = client.post("/api/files", headers=_auth_headers(), files=files, data=data)
    |   File "C:\Users\Aamin\AppData\Local\Programs\Python\Python313\Lib\site-packages\starlette\testclient.py", line 597, in post
    |     return super().post(
    |            ~~~~~~~~~~~~^
    |         url,
    |         ^^^^
    |     ...<10 lines>...
    |         extensions=extensions,
    |         ^^^^^^^^^^^^^^^^^^^^^^
    |     )
    |     ^
    |   File "C:\Users\Aamin\AppData\Local\Programs\Python\Python313\Lib\site-packages\httpx\_client.py", line 1145, in post
    |     return self.request(
    |            ~~~~~~~~~~~~^
    |         "POST",
    |         ^^^^^^^
    |     ...<11 lines>...
    |         extensions=extensions,
    |         ^^^^^^^^^^^^^^^^^^^^^^
    |     )
    |     ^
    |   File "C:\Users\Aamin\AppData\Local\Programs\Python\Python313\Lib\site-packages\starlette\testclient.py", line 488, in request
    |     return super().request(
    |            ~~~~~~~~~~~~~~~^
    |         method,
    |         ^^^^^^^
    |     ...<11 lines>...
    |         extensions=extensions,
    |         ^^^^^^^^^^^^^^^^^^^^^^
    |     )
    |     ^
    |   File "C:\Users\Aamin\AppData\Local\Programs\Python\Python313\Lib\site-packages\httpx\_client.py", line 827, in request
    |     return self.send(request, auth=auth, follow_redirects=follow_redirects)
    |            ~~~~~~~~~^^^^^^^^^^^^^^^^^^^^^^^^^^^^^^^^^^^^^^^^^^^^^^^^^^^^^^^
    |   File "C:\Users\Aamin\AppData\Local\Programs\Python\Python313\Lib\site-packages\httpx\_client.py", line 914, in send
    |     response = self._send_handling_auth(
    |         request,
    |     ...<2 lines>...
    |         history=[],
    |     )
    |   File "C:\Users\Aamin\AppData\Local\Programs\Python\Python313\Lib\site-packages\httpx\_client.py", line 942, in _send_handling_auth
    |     response = self._send_handling_redirects(
    |         request,
    |         follow_redirects=follow_redirects,
    |         history=history,
    |     )
    |   File "C:\Users\Aamin\AppData\Local\Programs\Python\Python313\Lib\site-packages\httpx\_client.py", line 979, in _send_handling_redirects
    |     response = self._send_single_request(request)
    |   File "C:\Users\Aamin\AppData\Local\Programs\Python\Python313\Lib\site-packages\httpx\_client.py", line 1015, in _send_single_request
    |     response = transport.handle_request(request)
    |   File "C:\Users\Aamin\AppData\Local\Programs\Python\Python313\Lib\site-packages\starlette\testclient.py", line 381, in handle_request
    |     raise exc
    |   File "C:\Users\Aamin\AppData\Local\Programs\Python\Python313\Lib\site-packages\starlette\testclient.py", line 378, in handle_request
    |     portal.call(self.app, scope, receive, send)
    |     ~~~~~~~~~~~^^^^^^^^^^^^^^^^^^^^^^^^^^^^^^^^
    |   File "C:\Users\Aamin\AppData\Local\Programs\Python\Python313\Lib\site-packages\anyio\from_thread.py", line 334, in call
    |     return cast(T_Retval, self.start_task_soon(func, *args).result())
    |                           ~~~~~~~~~~~~~~~~~~~~~~~~~~~~~~~~~~~~~~~~^^
    |   File "C:\Users\Aamin\AppData\Local\Programs\Python\Python313\Lib\concurrent\futures\_base.py", line 456, in result
    |     return self.__get_result()
    |            ~~~~~~~~~~~~~~~~~^^
    |   File "C:\Users\Aamin\AppData\Local\Programs\Python\Python313\Lib\concurrent\futures\_base.py", line 401, in __get_result
    |     raise self._exception
    |   File "C:\Users\Aamin\AppData\Local\Programs\Python\Python313\Lib\site-packages\anyio\from_thread.py", line 259, in _call_func
    |     retval = await retval_or_awaitable
    |              ^^^^^^^^^^^^^^^^^^^^^^^^^
    |   File "C:\Users\Aamin\AppData\Local\Programs\Python\Python313\Lib\site-packages\fastapi\applications.py", line 1054, in __call__
    |     await super().__call__(scope, receive, send)
    |   File "C:\Users\Aamin\AppData\Local\Programs\Python\Python313\Lib\site-packages\starlette\applications.py", line 113, in __call__
    |     await self.middleware_stack(scope, receive, send)
    |   File "C:\Users\Aamin\AppData\Local\Programs\Python\Python313\Lib\site-packages\starlette\middleware\errors.py", line 187, in __call__
    |     raise exc
    |   File "C:\Users\Aamin\AppData\Local\Programs\Python\Python313\Lib\site-packages\starlette\middleware\errors.py", line 165, in __call__
    |     await self.app(scope, receive, _send)
    |   File "C:\Users\Aamin\AppData\Local\Programs\Python\Python313\Lib\site-packages\starlette\middleware\cors.py", line 85, in __call__
    |     await self.app(scope, receive, send)
    |   File "C:\Users\Aamin\AppData\Local\Programs\Python\Python313\Lib\site-packages\starlette\middleware\base.py", line 185, in __call__
    |     with collapse_excgroups():
    |          ~~~~~~~~~~~~~~~~~~^^
    |   File "C:\Users\Aamin\AppData\Local\Programs\Python\Python313\Lib\contextlib.py", line 162, in __exit__
    |     self.gen.throw(value)
    |     ~~~~~~~~~~~~~~^^^^^^^
    |   File "C:\Users\Aamin\AppData\Local\Programs\Python\Python313\Lib\site-packages\starlette\_utils.py", line 83, in collapse_excgroups
    |     raise exc
    |   File "C:\Users\Aamin\AppData\Local\Programs\Python\Python313\Lib\site-packages\starlette\middleware\base.py", line 187, in __call__
    |     response = await self.dispatch_func(request, call_next)
    |                ^^^^^^^^^^^^^^^^^^^^^^^^^^^^^^^^^^^^^^^^^^^^
    |   File "C:\Users\Aamin\AppData\Local\Programs\Python\Python313\Lib\site-packages\slowapi\middleware.py", line 136, in dispatch
    |     response = await call_next(request)
    |                ^^^^^^^^^^^^^^^^^^^^^^^^
    |   File "C:\Users\Aamin\AppData\Local\Programs\Python\Python313\Lib\site-packages\starlette\middleware\base.py", line 163, in call_next
    |     raise app_exc
    |   File "C:\Users\Aamin\AppData\Local\Programs\Python\Python313\Lib\site-packages\starlette\middleware\base.py", line 149, in coro
    |     await self.app(scope, receive_or_disconnect, send_no_error)
    |   File "C:\Users\Aamin\AppData\Local\Programs\Python\Python313\Lib\site-packages\starlette\middleware\exceptions.py", line 62, in __call__
    |     await wrap_app_handling_exceptions(self.app, conn)(scope, receive, send)
    |   File "C:\Users\Aamin\AppData\Local\Programs\Python\Python313\Lib\site-packages\starlette\_exception_handler.py", line 62, in wrapped_app
    |     raise exc
    |   File "C:\Users\Aamin\AppData\Local\Programs\Python\Python313\Lib\site-packages\starlette\_exception_handler.py", line 51, in wrapped_app
    |     await app(scope, receive, sender)
    |   File "C:\Users\Aamin\AppData\Local\Programs\Python\Python313\Lib\site-packages\starlette\routing.py", line 715, in __call__
    |     await self.middleware_stack(scope, receive, send)
    |   File "C:\Users\Aamin\AppData\Local\Programs\Python\Python313\Lib\site-packages\starlette\routing.py", line 735, in app
    |     await route.handle(scope, receive, send)
    |   File "C:\Users\Aamin\AppData\Local\Programs\Python\Python313\Lib\site-packages\starlette\routing.py", line 288, in handle
    |     await self.app(scope, receive, send)
    |   File "C:\Users\Aamin\AppData\Local\Programs\Python\Python313\Lib\site-packages\starlette\routing.py", line 76, in app
    |     await wrap_app_handling_exceptions(app, request)(scope, receive, send)
    |   File "C:\Users\Aamin\AppData\Local\Programs\Python\Python313\Lib\site-packages\starlette\_exception_handler.py", line 62, in wrapped_app
    |     raise exc
    |   File "C:\Users\Aamin\AppData\Local\Programs\Python\Python313\Lib\site-packages\starlette\_exception_handler.py", line 51, in wrapped_app
    |     await app(scope, receive, sender)
    |   File "C:\Users\Aamin\AppData\Local\Programs\Python\Python313\Lib\site-packages\starlette\routing.py", line 73, in app
    |     response = await f(request)
    |                ^^^^^^^^^^^^^^^^
    |   File "C:\Users\Aamin\AppData\Local\Programs\Python\Python313\Lib\site-packages\fastapi\routing.py", line 301, in app
    |     raw_response = await run_endpoint_function(
    |                    ^^^^^^^^^^^^^^^^^^^^^^^^^^^^
    |     ...<3 lines>...
    |     )
    |     ^
    |   File "C:\Users\Aamin\AppData\Local\Programs\Python\Python313\Lib\site-packages\fastapi\routing.py", line 212, in run_endpoint_function
    |     return await dependant.call(**values)
    |            ^^^^^^^^^^^^^^^^^^^^^^^^^^^^^^
    |   File "C:\Users\Aamin\Desktop\App\vaultkey\backend\app\routes\files.py", line 115, in upload_encrypted_file
    |     await run_in_threadpool(delete_file, object_key)
    |   File "C:\Users\Aamin\AppData\Local\Programs\Python\Python313\Lib\site-packages\starlette\concurrency.py", line 39, in run_in_threadpool
    |     return await anyio.to_thread.run_sync(func, *args)
    |            ^^^^^^^^^^^^^^^^^^^^^^^^^^^^^^^^^^^^^^^^^^^
    |   File "C:\Users\Aamin\AppData\Local\Programs\Python\Python313\Lib\site-packages\anyio\to_thread.py", line 63, in run_sync
    |     return await get_async_backend().run_sync_in_worker_thread(
    |            ^^^^^^^^^^^^^^^^^^^^^^^^^^^^^^^^^^^^^^^^^^^^^^^^^^^^
    |         func, args, abandon_on_cancel=abandon_on_cancel, limiter=limiter
    |         ^^^^^^^^^^^^^^^^^^^^^^^^^^^^^^^^^^^^^^^^^^^^^^^^^^^^^^^^^^^^^^^^
    |     )
    |     ^
    |   File "C:\Users\Aamin\AppData\Local\Programs\Python\Python313\Lib\site-packages\anyio\_backends\_asyncio.py", line 2502, in run_sync_in_worker_thread
    |     return await future
    |            ^^^^^^^^^^^^
    |   File "C:\Users\Aamin\AppData\Local\Programs\Python\Python313\Lib\site-packages\anyio\_backends\_asyncio.py", line 986, in run
    |     result = context.run(func, *args)
    |   File "C:\Users\Aamin\Desktop\App\vaultkey\backend\app\storage.py", line 219, in delete_file
    |     _get_client().delete_object(Bucket=R2_BUCKET_NAME, Key=key)
    |     ~~~~~~~~~~~^^
    |   File "C:\Users\Aamin\Desktop\App\vaultkey\backend\app\storage.py", line 77, in _get_client
    |     _s3_client = boto3.client(
    |         "s3",
    |     ...<4 lines>...
    |         config=_CLIENT_CONFIG,
    |     )
    |   File "C:\Users\Aamin\AppData\Local\Programs\Python\Python313\Lib\site-packages\boto3\__init__.py", line 92, in client
    |     return _get_default_session().client(*args, **kwargs)
    |            ~~~~~~~~~~~~~~~~~~~~~~~~~~~~~^^^^^^^^^^^^^^^^^
    |   File "C:\Users\Aamin\AppData\Local\Programs\Python\Python313\Lib\site-packages\boto3\session.py", line 297, in client
    |     return self._session.create_client(
    |            ~~~~~~~~~~~~~~~~~~~~~~~~~~~^
    |         service_name,
    |         ^^^^^^^^^^^^^
    |     ...<8 lines>...
    |         config=config,
    |         ^^^^^^^^^^^^^^
    |     )
    |     ^
    |   File "C:\Users\Aamin\AppData\Local\Programs\Python\Python313\Lib\site-packages\botocore\session.py", line 997, in create_client
    |     client = client_creator.create_client(
    |         service_name=service_name,
    |     ...<8 lines>...
    |         auth_token=auth_token,
    |     )
    |   File "C:\Users\Aamin\AppData\Local\Programs\Python\Python313\Lib\site-packages\botocore\client.py", line 165, in create_client
    |     client_args = self._get_client_args(
    |         service_model,
    |     ...<10 lines>...
    |         partition_data,
    |     )
    |   File "C:\Users\Aamin\AppData\Local\Programs\Python\Python313\Lib\site-packages\botocore\client.py", line 524, in _get_client_args
    |     return args_creator.get_client_args(
    |            ~~~~~~~~~~~~~~~~~~~~~~~~~~~~^
    |         service_model,
    |         ^^^^^^^^^^^^^^
    |     ...<10 lines>...
    |         partition_data,
    |         ^^^^^^^^^^^^^^^
    |     )
    |     ^
    |   File "C:\Users\Aamin\AppData\Local\Programs\Python\Python313\Lib\site-packages\botocore\args.py", line 138, in get_client_args
    |     endpoint = endpoint_creator.create_endpoint(
    |         service_model,
    |     ...<9 lines>...
    |         proxies_config=new_config.proxies_config,
    |     )
    |   File "C:\Users\Aamin\AppData\Local\Programs\Python\Python313\Lib\site-packages\botocore\endpoint.py", line 408, in create_endpoint
    |     raise ValueError(f"Invalid endpoint: {endpoint_url}")
    | ValueError: Invalid endpoint: https://test_account.r2.cloudflarestorage.com
    +------------------------------------

During handling of the above exception, another exception occurred:

Traceback (most recent call last):
  File "C:\Users\Aamin\Desktop\App\vaultkey\backend\test_view_only.py", line 94, in setUpClass
    cls.file_id = _upload_file()
                  ~~~~~~~~~~~~^^
  File "C:\Users\Aamin\Desktop\App\vaultkey\backend\test_view_only.py", line 65, in _upload_file
    r = client.post("/api/files", headers=_auth_headers(), files=files, data=data)
  File "C:\Users\Aamin\AppData\Local\Programs\Python\Python313\Lib\site-packages\starlette\testclient.py", line 597, in post
    return super().post(
           ~~~~~~~~~~~~^
        url,
        ^^^^
    ...<10 lines>...
        extensions=extensions,
        ^^^^^^^^^^^^^^^^^^^^^^
    )
    ^
  File "C:\Users\Aamin\AppData\Local\Programs\Python\Python313\Lib\site-packages\httpx\_client.py", line 1145, in post
    return self.request(
           ~~~~~~~~~~~~^
        "POST",
        ^^^^^^^
    ...<11 lines>...
        extensions=extensions,
        ^^^^^^^^^^^^^^^^^^^^^^
    )
    ^
  File "C:\Users\Aamin\AppData\Local\Programs\Python\Python313\Lib\site-packages\starlette\testclient.py", line 488, in request
    return super().request(
           ~~~~~~~~~~~~~~~^
        method,
        ^^^^^^^
    ...<11 lines>...
        extensions=extensions,
        ^^^^^^^^^^^^^^^^^^^^^^
    )
    ^
  File "C:\Users\Aamin\AppData\Local\Programs\Python\Python313\Lib\site-packages\httpx\_client.py", line 827, in request
    return self.send(request, auth=auth, follow_redirects=follow_redirects)
           ~~~~~~~~~^^^^^^^^^^^^^^^^^^^^^^^^^^^^^^^^^^^^^^^^^^^^^^^^^^^^^^^
  File "C:\Users\Aamin\AppData\Local\Programs\Python\Python313\Lib\site-packages\httpx\_client.py", line 914, in send
    response = self._send_handling_auth(
        request,
    ...<2 lines>...
        history=[],
    )
  File "C:\Users\Aamin\AppData\Local\Programs\Python\Python313\Lib\site-packages\httpx\_client.py", line 942, in _send_handling_auth
    response = self._send_handling_redirects(
        request,
        follow_redirects=follow_redirects,
        history=history,
    )
  File "C:\Users\Aamin\AppData\Local\Programs\Python\Python313\Lib\site-packages\httpx\_client.py", line 979, in _send_handling_redirects
    response = self._send_single_request(request)
  File "C:\Users\Aamin\AppData\Local\Programs\Python\Python313\Lib\site-packages\httpx\_client.py", line 1015, in _send_single_request
    response = transport.handle_request(request)
  File "C:\Users\Aamin\AppData\Local\Programs\Python\Python313\Lib\site-packages\starlette\testclient.py", line 381, in handle_request
    raise exc
  File "C:\Users\Aamin\AppData\Local\Programs\Python\Python313\Lib\site-packages\starlette\testclient.py", line 378, in handle_request
    portal.call(self.app, scope, receive, send)
    ~~~~~~~~~~~^^^^^^^^^^^^^^^^^^^^^^^^^^^^^^^^
  File "C:\Users\Aamin\AppData\Local\Programs\Python\Python313\Lib\site-packages\anyio\from_thread.py", line 334, in call
    return cast(T_Retval, self.start_task_soon(func, *args).result())
                          ~~~~~~~~~~~~~~~~~~~~~~~~~~~~~~~~~~~~~~~~^^
  File "C:\Users\Aamin\AppData\Local\Programs\Python\Python313\Lib\concurrent\futures\_base.py", line 456, in result
    return self.__get_result()
           ~~~~~~~~~~~~~~~~~^^
  File "C:\Users\Aamin\AppData\Local\Programs\Python\Python313\Lib\concurrent\futures\_base.py", line 401, in __get_result
    raise self._exception
  File "C:\Users\Aamin\AppData\Local\Programs\Python\Python313\Lib\site-packages\anyio\from_thread.py", line 259, in _call_func
    retval = await retval_or_awaitable
             ^^^^^^^^^^^^^^^^^^^^^^^^^
  File "C:\Users\Aamin\AppData\Local\Programs\Python\Python313\Lib\site-packages\fastapi\applications.py", line 1054, in __call__
    await super().__call__(scope, receive, send)
  File "C:\Users\Aamin\AppData\Local\Programs\Python\Python313\Lib\site-packages\starlette\applications.py", line 113, in __call__
    await self.middleware_stack(scope, receive, send)
  File "C:\Users\Aamin\AppData\Local\Programs\Python\Python313\Lib\site-packages\starlette\middleware\errors.py", line 187, in __call__
    raise exc
  File "C:\Users\Aamin\AppData\Local\Programs\Python\Python313\Lib\site-packages\starlette\middleware\errors.py", line 165, in __call__
    await self.app(scope, receive, _send)
  File "C:\Users\Aamin\AppData\Local\Programs\Python\Python313\Lib\site-packages\starlette\middleware\cors.py", line 85, in __call__
    await self.app(scope, receive, send)
  File "C:\Users\Aamin\AppData\Local\Programs\Python\Python313\Lib\site-packages\starlette\middleware\base.py", line 185, in __call__
    with collapse_excgroups():
         ~~~~~~~~~~~~~~~~~~^^
  File "C:\Users\Aamin\AppData\Local\Programs\Python\Python313\Lib\contextlib.py", line 162, in __exit__
    self.gen.throw(value)
    ~~~~~~~~~~~~~~^^^^^^^
  File "C:\Users\Aamin\AppData\Local\Programs\Python\Python313\Lib\site-packages\starlette\_utils.py", line 83, in collapse_excgroups
    raise exc
  File "C:\Users\Aamin\AppData\Local\Programs\Python\Python313\Lib\site-packages\starlette\middleware\base.py", line 187, in __call__
    response = await self.dispatch_func(request, call_next)
               ^^^^^^^^^^^^^^^^^^^^^^^^^^^^^^^^^^^^^^^^^^^^
  File "C:\Users\Aamin\AppData\Local\Programs\Python\Python313\Lib\site-packages\slowapi\middleware.py", line 136, in dispatch
    response = await call_next(request)
               ^^^^^^^^^^^^^^^^^^^^^^^^
  File "C:\Users\Aamin\AppData\Local\Programs\Python\Python313\Lib\site-packages\starlette\middleware\base.py", line 163, in call_next
    raise app_exc
  File "C:\Users\Aamin\AppData\Local\Programs\Python\Python313\Lib\site-packages\starlette\middleware\base.py", line 149, in coro
    await self.app(scope, receive_or_disconnect, send_no_error)
  File "C:\Users\Aamin\AppData\Local\Programs\Python\Python313\Lib\site-packages\starlette\middleware\exceptions.py", line 62, in __call__
    await wrap_app_handling_exceptions(self.app, conn)(scope, receive, send)
  File "C:\Users\Aamin\AppData\Local\Programs\Python\Python313\Lib\site-packages\starlette\_exception_handler.py", line 62, in wrapped_app
    raise exc
  File "C:\Users\Aamin\AppData\Local\Programs\Python\Python313\Lib\site-packages\starlette\_exception_handler.py", line 51, in wrapped_app
    await app(scope, receive, sender)
  File "C:\Users\Aamin\AppData\Local\Programs\Python\Python313\Lib\site-packages\starlette\routing.py", line 715, in __call__
    await self.middleware_stack(scope, receive, send)
  File "C:\Users\Aamin\AppData\Local\Programs\Python\Python313\Lib\site-packages\starlette\routing.py", line 735, in app
    await route.handle(scope, receive, send)
  File "C:\Users\Aamin\AppData\Local\Programs\Python\Python313\Lib\site-packages\starlette\routing.py", line 288, in handle
    await self.app(scope, receive, send)
  File "C:\Users\Aamin\AppData\Local\Programs\Python\Python313\Lib\site-packages\starlette\routing.py", line 76, in app
    await wrap_app_handling_exceptions(app, request)(scope, receive, send)
  File "C:\Users\Aamin\AppData\Local\Programs\Python\Python313\Lib\site-packages\starlette\_exception_handler.py", line 62, in wrapped_app
    raise exc
  File "C:\Users\Aamin\AppData\Local\Programs\Python\Python313\Lib\site-packages\starlette\_exception_handler.py", line 51, in wrapped_app
    await app(scope, receive, sender)
  File "C:\Users\Aamin\AppData\Local\Programs\Python\Python313\Lib\site-packages\starlette\routing.py", line 73, in app
    response = await f(request)
               ^^^^^^^^^^^^^^^^
  File "C:\Users\Aamin\AppData\Local\Programs\Python\Python313\Lib\site-packages\fastapi\routing.py", line 301, in app
    raw_response = await run_endpoint_function(
                   ^^^^^^^^^^^^^^^^^^^^^^^^^^^^
    ...<3 lines>...
    )
    ^
  File "C:\Users\Aamin\AppData\Local\Programs\Python\Python313\Lib\site-packages\fastapi\routing.py", line 212, in run_endpoint_function
    return await dependant.call(**values)
           ^^^^^^^^^^^^^^^^^^^^^^^^^^^^^^
  File "C:\Users\Aamin\Desktop\App\vaultkey\backend\app\routes\files.py", line 115, in upload_encrypted_file
    await run_in_threadpool(delete_file, object_key)
  File "C:\Users\Aamin\AppData\Local\Programs\Python\Python313\Lib\site-packages\starlette\concurrency.py", line 39, in run_in_threadpool
    return await anyio.to_thread.run_sync(func, *args)
           ^^^^^^^^^^^^^^^^^^^^^^^^^^^^^^^^^^^^^^^^^^^
  File "C:\Users\Aamin\AppData\Local\Programs\Python\Python313\Lib\site-packages\anyio\to_thread.py", line 63, in run_sync
    return await get_async_backend().run_sync_in_worker_thread(
           ^^^^^^^^^^^^^^^^^^^^^^^^^^^^^^^^^^^^^^^^^^^^^^^^^^^^
        func, args, abandon_on_cancel=abandon_on_cancel, limiter=limiter
        ^^^^^^^^^^^^^^^^^^^^^^^^^^^^^^^^^^^^^^^^^^^^^^^^^^^^^^^^^^^^^^^^
    )
    ^
  File "C:\Users\Aamin\AppData\Local\Programs\Python\Python313\Lib\site-packages\anyio\_backends\_asyncio.py", line 2502, in run_sync_in_worker_thread
    return await future
           ^^^^^^^^^^^^
  File "C:\Users\Aamin\AppData\Local\Programs\Python\Python313\Lib\site-packages\anyio\_backends\_asyncio.py", line 986, in run
    result = context.run(func, *args)
  File "C:\Users\Aamin\Desktop\App\vaultkey\backend\app\storage.py", line 219, in delete_file
    _get_client().delete_object(Bucket=R2_BUCKET_NAME, Key=key)
    ~~~~~~~~~~~^^
  File "C:\Users\Aamin\Desktop\App\vaultkey\backend\app\storage.py", line 77, in _get_client
    _s3_client = boto3.client(
        "s3",
    ...<4 lines>...
        config=_CLIENT_CONFIG,
    )
  File "C:\Users\Aamin\AppData\Local\Programs\Python\Python313\Lib\site-packages\boto3\__init__.py", line 92, in client
    return _get_default_session().client(*args, **kwargs)
           ~~~~~~~~~~~~~~~~~~~~~~~~~~~~~^^^^^^^^^^^^^^^^^
  File "C:\Users\Aamin\AppData\Local\Programs\Python\Python313\Lib\site-packages\boto3\session.py", line 297, in client
    return self._session.create_client(
           ~~~~~~~~~~~~~~~~~~~~~~~~~~~^
        service_name,
        ^^^^^^^^^^^^^
    ...<8 lines>...
        config=config,
        ^^^^^^^^^^^^^^
    )
    ^
  File "C:\Users\Aamin\AppData\Local\Programs\Python\Python313\Lib\site-packages\botocore\session.py", line 997, in create_client
    client = client_creator.create_client(
        service_name=service_name,
    ...<8 lines>...
        auth_token=auth_token,
    )
  File "C:\Users\Aamin\AppData\Local\Programs\Python\Python313\Lib\site-packages\botocore\client.py", line 165, in create_client
    client_args = self._get_client_args(
        service_model,
    ...<10 lines>...
        partition_data,
    )
  File "C:\Users\Aamin\AppData\Local\Programs\Python\Python313\Lib\site-packages\botocore\client.py", line 524, in _get_client_args
    return args_creator.get_client_args(
           ~~~~~~~~~~~~~~~~~~~~~~~~~~~~^
        service_model,
        ^^^^^^^^^^^^^^
    ...<10 lines>...
        partition_data,
        ^^^^^^^^^^^^^^^
    )
    ^
  File "C:\Users\Aamin\AppData\Local\Programs\Python\Python313\Lib\site-packages\botocore\args.py", line 138, in get_client_args
    endpoint = endpoint_creator.create_endpoint(
        service_model,
    ...<9 lines>...
        proxies_config=new_config.proxies_config,
    )
  File "C:\Users\Aamin\AppData\Local\Programs\Python\Python313\Lib\site-packages\botocore\endpoint.py", line 408, in create_endpoint
    raise ValueError(f"Invalid endpoint: {endpoint_url}")
ValueError: Invalid endpoint: https://test_account.r2.cloudflarestorage.com

During handling of the above exception, another exception occurred:
backend\test_view_only.py:94: in setUpClass
    cls.file_id = _upload_file()
                  ^^^^^^^^^^^^^^
backend\test_view_only.py:65: in _upload_file
    r = client.post("/api/files", headers=_auth_headers(), files=files, data=data)
        ^^^^^^^^^^^^^^^^^^^^^^^^^^^^^^^^^^^^^^^^^^^^^^^^^^^^^^^^^^^^^^^^^^^^^^^^^^
..\..\..\AppData\Local\Programs\Python\Python313\Lib\site-packages\starlette\testclient.py:597: in post
    return super().post(
..\..\..\AppData\Local\Programs\Python\Python313\Lib\site-packages\httpx\_client.py:1145: in post
    return self.request(
..\..\..\AppData\Local\Programs\Python\Python313\Lib\site-packages\starlette\testclient.py:488: in request
    return super().request(
..\..\..\AppData\Local\Programs\Python\Python313\Lib\site-packages\httpx\_client.py:827: in request
    return self.send(request, auth=auth, follow_redirects=follow_redirects)
           ^^^^^^^^^^^^^^^^^^^^^^^^^^^^^^^^^^^^^^^^^^^^^^^^^^^^^^^^^^^^^^^^
..\..\..\AppData\Local\Programs\Python\Python313\Lib\site-packages\httpx\_client.py:914: in send
    response = self._send_handling_auth(
..\..\..\AppData\Local\Programs\Python\Python313\Lib\site-packages\httpx\_client.py:942: in _send_handling_auth
    response = self._send_handling_redirects(
..\..\..\AppData\Local\Programs\Python\Python313\Lib\site-packages\httpx\_client.py:979: in _send_handling_redirects
    response = self._send_single_request(request)
               ^^^^^^^^^^^^^^^^^^^^^^^^^^^^^^^^^^
..\..\..\AppData\Local\Programs\Python\Python313\Lib\site-packages\httpx\_client.py:1015: in _send_single_request
    response = transport.handle_request(request)
               ^^^^^^^^^^^^^^^^^^^^^^^^^^^^^^^^^
..\..\..\AppData\Local\Programs\Python\Python313\Lib\site-packages\starlette\testclient.py:381: in handle_request
    raise exc
..\..\..\AppData\Local\Programs\Python\Python313\Lib\site-packages\starlette\testclient.py:378: in handle_request
    portal.call(self.app, scope, receive, send)
..\..\..\AppData\Local\Programs\Python\Python313\Lib\site-packages\anyio\from_thread.py:334: in call
    return cast(T_Retval, self.start_task_soon(func, *args).result())
                          ^^^^^^^^^^^^^^^^^^^^^^^^^^^^^^^^^^^^^^^^^^
..\..\..\AppData\Local\Programs\Python\Python313\Lib\concurrent\futures\_base.py:456: in result
    return self.__get_result()
           ^^^^^^^^^^^^^^^^^^^
..\..\..\AppData\Local\Programs\Python\Python313\Lib\concurrent\futures\_base.py:401: in __get_result
    raise self._exception
..\..\..\AppData\Local\Programs\Python\Python313\Lib\site-packages\anyio\from_thread.py:259: in _call_func
    retval = await retval_or_awaitable
             ^^^^^^^^^^^^^^^^^^^^^^^^^
..\..\..\AppData\Local\Programs\Python\Python313\Lib\site-packages\fastapi\applications.py:1054: in __call__
    await super().__call__(scope, receive, send)
..\..\..\AppData\Local\Programs\Python\Python313\Lib\site-packages\starlette\applications.py:113: in __call__
    await self.middleware_stack(scope, receive, send)
..\..\..\AppData\Local\Programs\Python\Python313\Lib\site-packages\starlette\middleware\errors.py:187: in __call__
    raise exc
..\..\..\AppData\Local\Programs\Python\Python313\Lib\site-packages\starlette\middleware\errors.py:165: in __call__
    await self.app(scope, receive, _send)
..\..\..\AppData\Local\Programs\Python\Python313\Lib\site-packages\starlette\middleware\cors.py:85: in __call__
    await self.app(scope, receive, send)
..\..\..\AppData\Local\Programs\Python\Python313\Lib\site-packages\starlette\middleware\base.py:185: in __call__
    with collapse_excgroups():
         ^^^^^^^^^^^^^^^^^^^^
..\..\..\AppData\Local\Programs\Python\Python313\Lib\contextlib.py:162: in __exit__
    self.gen.throw(value)
..\..\..\AppData\Local\Programs\Python\Python313\Lib\site-packages\starlette\_utils.py:83: in collapse_excgroups
    raise exc
..\..\..\AppData\Local\Programs\Python\Python313\Lib\site-packages\starlette\middleware\base.py:187: in __call__
    response = await self.dispatch_func(request, call_next)
               ^^^^^^^^^^^^^^^^^^^^^^^^^^^^^^^^^^^^^^^^^^^^
..\..\..\AppData\Local\Programs\Python\Python313\Lib\site-packages\slowapi\middleware.py:136: in dispatch
    response = await call_next(request)
               ^^^^^^^^^^^^^^^^^^^^^^^^
..\..\..\AppData\Local\Programs\Python\Python313\Lib\site-packages\starlette\middleware\base.py:163: in call_next
    raise app_exc
..\..\..\AppData\Local\Programs\Python\Python313\Lib\site-packages\starlette\middleware\base.py:149: in coro
    await self.app(scope, receive_or_disconnect, send_no_error)
..\..\..\AppData\Local\Programs\Python\Python313\Lib\site-packages\starlette\middleware\exceptions.py:62: in __call__
    await wrap_app_handling_exceptions(self.app, conn)(scope, receive, send)
..\..\..\AppData\Local\Programs\Python\Python313\Lib\site-packages\starlette\_exception_handler.py:62: in wrapped_app
    raise exc
..\..\..\AppData\Local\Programs\Python\Python313\Lib\site-packages\starlette\_exception_handler.py:51: in wrapped_app
    await app(scope, receive, sender)
..\..\..\AppData\Local\Programs\Python\Python313\Lib\site-packages\starlette\routing.py:715: in __call__
    await self.middleware_stack(scope, receive, send)
..\..\..\AppData\Local\Programs\Python\Python313\Lib\site-packages\starlette\routing.py:735: in app
    await route.handle(scope, receive, send)
..\..\..\AppData\Local\Programs\Python\Python313\Lib\site-packages\starlette\routing.py:288: in handle
    await self.app(scope, receive, send)
..\..\..\AppData\Local\Programs\Python\Python313\Lib\site-packages\starlette\routing.py:76: in app
    await wrap_app_handling_exceptions(app, request)(scope, receive, send)
..\..\..\AppData\Local\Programs\Python\Python313\Lib\site-packages\starlette\_exception_handler.py:62: in wrapped_app
    raise exc
..\..\..\AppData\Local\Programs\Python\Python313\Lib\site-packages\starlette\_exception_handler.py:51: in wrapped_app
    await app(scope, receive, sender)
..\..\..\AppData\Local\Programs\Python\Python313\Lib\site-packages\starlette\routing.py:73: in app
    response = await f(request)
               ^^^^^^^^^^^^^^^^
..\..\..\AppData\Local\Programs\Python\Python313\Lib\site-packages\fastapi\routing.py:301: in app
    raw_response = await run_endpoint_function(
..\..\..\AppData\Local\Programs\Python\Python313\Lib\site-packages\fastapi\routing.py:212: in run_endpoint_function
    return await dependant.call(**values)
           ^^^^^^^^^^^^^^^^^^^^^^^^^^^^^^
backend\app\routes\files.py:115: in upload_encrypted_file
    await run_in_threadpool(delete_file, object_key)
..\..\..\AppData\Local\Programs\Python\Python313\Lib\site-packages\starlette\concurrency.py:39: in run_in_threadpool
    return await anyio.to_thread.run_sync(func, *args)
           ^^^^^^^^^^^^^^^^^^^^^^^^^^^^^^^^^^^^^^^^^^^
..\..\..\AppData\Local\Programs\Python\Python313\Lib\site-packages\anyio\to_thread.py:63: in run_sync
    return await get_async_backend().run_sync_in_worker_thread(
..\..\..\AppData\Local\Programs\Python\Python313\Lib\site-packages\anyio\_backends\_asyncio.py:2502: in run_sync_in_worker_thread
    return await future
           ^^^^^^^^^^^^
..\..\..\AppData\Local\Programs\Python\Python313\Lib\site-packages\anyio\_backends\_asyncio.py:986: in run
    result = context.run(func, *args)
             ^^^^^^^^^^^^^^^^^^^^^^^^
backend\app\storage.py:219: in delete_file
    _get_client().delete_object(Bucket=R2_BUCKET_NAME, Key=key)
    ^^^^^^^^^^^^^
backend\app\storage.py:77: in _get_client
    _s3_client = boto3.client(
..\..\..\AppData\Local\Programs\Python\Python313\Lib\site-packages\boto3\__init__.py:92: in client
    return _get_default_session().client(*args, **kwargs)
           ^^^^^^^^^^^^^^^^^^^^^^^^^^^^^^^^^^^^^^^^^^^^^^
..\..\..\AppData\Local\Programs\Python\Python313\Lib\site-packages\boto3\session.py:297: in client
    return self._session.create_client(
..\..\..\AppData\Local\Programs\Python\Python313\Lib\site-packages\botocore\session.py:997: in create_client
    client = client_creator.create_client(
..\..\..\AppData\Local\Programs\Python\Python313\Lib\site-packages\botocore\client.py:165: in create_client
    client_args = self._get_client_args(
..\..\..\AppData\Local\Programs\Python\Python313\Lib\site-packages\botocore\client.py:524: in _get_client_args
    return args_creator.get_client_args(
..\..\..\AppData\Local\Programs\Python\Python313\Lib\site-packages\botocore\args.py:138: in get_client_args
    endpoint = endpoint_creator.create_endpoint(
..\..\..\AppData\Local\Programs\Python\Python313\Lib\site-packages\botocore\endpoint.py:408: in create_endpoint
    raise ValueError(f"Invalid endpoint: {endpoint_url}")
E   ValueError: Invalid endpoint: https://test_account.r2.cloudflarestorage.com
_ ERROR at setup of TestViewOnlyShareMode.test_02_view_only_download_endpoint_rejected _
  + Exception Group Traceback (most recent call last):
  |   File "C:\Users\Aamin\AppData\Local\Programs\Python\Python313\Lib\site-packages\starlette\_utils.py", line 77, in collapse_excgroups
  |     yield
  |   File "C:\Users\Aamin\AppData\Local\Programs\Python\Python313\Lib\site-packages\starlette\middleware\base.py", line 186, in __call__
  |     async with anyio.create_task_group() as task_group:
  |                ~~~~~~~~~~~~~~~~~~~~~~~^^
  |   File "C:\Users\Aamin\AppData\Local\Programs\Python\Python313\Lib\site-packages\anyio\_backends\_asyncio.py", line 783, in __aexit__
  |     raise BaseExceptionGroup(
  |         "unhandled errors in a TaskGroup", self._exceptions
  |     ) from None
  | ExceptionGroup: unhandled errors in a TaskGroup (1 sub-exception)
  +-+---------------- 1 ----------------
    | Traceback (most recent call last):
    |   File "C:\Users\Aamin\AppData\Local\Programs\Python\Python313\Lib\site-packages\_pytest\runner.py", line 361, in from_call
    |     result: TResult | None = func()
    |                              ~~~~^^
    |   File "C:\Users\Aamin\AppData\Local\Programs\Python\Python313\Lib\site-packages\_pytest\runner.py", line 250, in <lambda>
    |     lambda: runtest_hook(item=item, **kwds),
    |             ~~~~~~~~~~~~^^^^^^^^^^^^^^^^^^^
    |   File "C:\Users\Aamin\AppData\Local\Programs\Python\Python313\Lib\site-packages\pluggy\_hooks.py", line 512, in __call__
    |     return self._hookexec(self.name, self._hookimpls.copy(), kwargs, firstresult)
    |            ~~~~~~~~~~~~~~^^^^^^^^^^^^^^^^^^^^^^^^^^^^^^^^^^^^^^^^^^^^^^^^^^^^^^^^
    |   File "C:\Users\Aamin\AppData\Local\Programs\Python\Python313\Lib\site-packages\pluggy\_manager.py", line 120, in _hookexec
    |     return self._inner_hookexec(hook_name, methods, kwargs, firstresult)
    |            ~~~~~~~~~~~~~~~~~~~~^^^^^^^^^^^^^^^^^^^^^^^^^^^^^^^^^^^^^^^^^
    |   File "C:\Users\Aamin\AppData\Local\Programs\Python\Python313\Lib\site-packages\pluggy\_callers.py", line 167, in _multicall
    |     raise exception
    |   File "C:\Users\Aamin\AppData\Local\Programs\Python\Python313\Lib\site-packages\pluggy\_callers.py", line 139, in _multicall
    |     teardown.throw(exception)
    |     ~~~~~~~~~~~~~~^^^^^^^^^^^
    |   File "C:\Users\Aamin\AppData\Local\Programs\Python\Python313\Lib\site-packages\_pytest\logging.py", line 858, in pytest_runtest_setup
    |     yield
    |   File "C:\Users\Aamin\AppData\Local\Programs\Python\Python313\Lib\site-packages\pluggy\_callers.py", line 139, in _multicall
    |     teardown.throw(exception)
    |     ~~~~~~~~~~~~~~^^^^^^^^^^^
    |   File "C:\Users\Aamin\AppData\Local\Programs\Python\Python313\Lib\site-packages\_pytest\capture.py", line 895, in pytest_runtest_setup
    |     return (yield)
    |             ^^^^^
    |   File "C:\Users\Aamin\AppData\Local\Programs\Python\Python313\Lib\site-packages\pluggy\_callers.py", line 121, in _multicall
    |     res = hook_impl.function(*args)
    |   File "C:\Users\Aamin\AppData\Local\Programs\Python\Python313\Lib\site-packages\_pytest\runner.py", line 170, in pytest_runtest_setup
    |     item.session._setupstate.setup(item)
    |     ~~~~~~~~~~~~~~~~~~~~~~~~~~~~~~^^^^^^
    |   File "C:\Users\Aamin\AppData\Local\Programs\Python\Python313\Lib\site-packages\_pytest\runner.py", line 536, in setup
    |     col.setup()
    |     ~~~~~~~~~^^
    |   File "C:\Users\Aamin\AppData\Local\Programs\Python\Python313\Lib\site-packages\_pytest\unittest.py", line 248, in setup
    |     super().setup()
    |     ~~~~~~~~~~~~~^^
    |   File "C:\Users\Aamin\AppData\Local\Programs\Python\Python313\Lib\site-packages\_pytest\python.py", line 1710, in setup
    |     self._request._fillfixtures()
    |     ~~~~~~~~~~~~~~~~~~~~~~~~~~~^^
    |   File "C:\Users\Aamin\AppData\Local\Programs\Python\Python313\Lib\site-packages\_pytest\fixtures.py", line 806, in _fillfixtures
    |     item.funcargs[argname] = self.getfixturevalue(argname)
    |                              ~~~~~~~~~~~~~~~~~~~~^^^^^^^^^
    |   File "C:\Users\Aamin\AppData\Local\Programs\Python\Python313\Lib\site-packages\_pytest\fixtures.py", line 630, in getfixturevalue
    |     fixturedef = self._get_active_fixturedef(argname)
    |   File "C:\Users\Aamin\AppData\Local\Programs\Python\Python313\Lib\site-packages\_pytest\fixtures.py", line 726, in _get_active_fixturedef
    |     fixturedef.execute(request=subrequest)
    |     ~~~~~~~~~~~~~~~~~~^^^^^^^^^^^^^^^^^^^^
    |   File "C:\Users\Aamin\AppData\Local\Programs\Python\Python313\Lib\site-packages\_pytest\fixtures.py", line 1204, in execute
    |     raise exc.with_traceback(exc_tb)
    |   File "C:\Users\Aamin\AppData\Local\Programs\Python\Python313\Lib\site-packages\_pytest\fixtures.py", line 1328, in pytest_fixture_setup
    |     result = call_fixture_func(fixturefunc, request, kwargs)
    |   File "C:\Users\Aamin\AppData\Local\Programs\Python\Python313\Lib\site-packages\_pytest\fixtures.py", line 998, in call_fixture_func
    |     fixture_result = next(generator)
    |   File "C:\Users\Aamin\AppData\Local\Programs\Python\Python313\Lib\site-packages\_pytest\unittest.py", line 159, in unittest_setup_class_fixture
    |     setup()
    |     ~~~~~^^
    |   File "C:\Users\Aamin\Desktop\App\vaultkey\backend\test_view_only.py", line 94, in setUpClass
    |     cls.file_id = _upload_file()
    |                   ~~~~~~~~~~~~^^
    |   File "C:\Users\Aamin\Desktop\App\vaultkey\backend\test_view_only.py", line 65, in _upload_file
    |     r = client.post("/api/files", headers=_auth_headers(), files=files, data=data)
    |   File "C:\Users\Aamin\AppData\Local\Programs\Python\Python313\Lib\site-packages\starlette\testclient.py", line 597, in post
    |     return super().post(
    |            ~~~~~~~~~~~~^
    |         url,
    |         ^^^^
    |     ...<10 lines>...
    |         extensions=extensions,
    |         ^^^^^^^^^^^^^^^^^^^^^^
    |     )
    |     ^
    |   File "C:\Users\Aamin\AppData\Local\Programs\Python\Python313\Lib\site-packages\httpx\_client.py", line 1145, in post
    |     return self.request(
    |            ~~~~~~~~~~~~^
    |         "POST",
    |         ^^^^^^^
    |     ...<11 lines>...
    |         extensions=extensions,
    |         ^^^^^^^^^^^^^^^^^^^^^^
    |     )
    |     ^
    |   File "C:\Users\Aamin\AppData\Local\Programs\Python\Python313\Lib\site-packages\starlette\testclient.py", line 488, in request
    |     return super().request(
    |            ~~~~~~~~~~~~~~~^
    |         method,
    |         ^^^^^^^
    |     ...<11 lines>...
    |         extensions=extensions,
    |         ^^^^^^^^^^^^^^^^^^^^^^
    |     )
    |     ^
    |   File "C:\Users\Aamin\AppData\Local\Programs\Python\Python313\Lib\site-packages\httpx\_client.py", line 827, in request
    |     return self.send(request, auth=auth, follow_redirects=follow_redirects)
    |            ~~~~~~~~~^^^^^^^^^^^^^^^^^^^^^^^^^^^^^^^^^^^^^^^^^^^^^^^^^^^^^^^
    |   File "C:\Users\Aamin\AppData\Local\Programs\Python\Python313\Lib\site-packages\httpx\_client.py", line 914, in send
    |     response = self._send_handling_auth(
    |         request,
    |     ...<2 lines>...
    |         history=[],
    |     )
    |   File "C:\Users\Aamin\AppData\Local\Programs\Python\Python313\Lib\site-packages\httpx\_client.py", line 942, in _send_handling_auth
    |     response = self._send_handling_redirects(
    |         request,
    |         follow_redirects=follow_redirects,
    |         history=history,
    |     )
    |   File "C:\Users\Aamin\AppData\Local\Programs\Python\Python313\Lib\site-packages\httpx\_client.py", line 979, in _send_handling_redirects
    |     response = self._send_single_request(request)
    |   File "C:\Users\Aamin\AppData\Local\Programs\Python\Python313\Lib\site-packages\httpx\_client.py", line 1015, in _send_single_request
    |     response = transport.handle_request(request)
    |   File "C:\Users\Aamin\AppData\Local\Programs\Python\Python313\Lib\site-packages\starlette\testclient.py", line 381, in handle_request
    |     raise exc
    |   File "C:\Users\Aamin\AppData\Local\Programs\Python\Python313\Lib\site-packages\starlette\testclient.py", line 378, in handle_request
    |     portal.call(self.app, scope, receive, send)
    |     ~~~~~~~~~~~^^^^^^^^^^^^^^^^^^^^^^^^^^^^^^^^
    |   File "C:\Users\Aamin\AppData\Local\Programs\Python\Python313\Lib\site-packages\anyio\from_thread.py", line 334, in call
    |     return cast(T_Retval, self.start_task_soon(func, *args).result())
    |                           ~~~~~~~~~~~~~~~~~~~~~~~~~~~~~~~~~~~~~~~~^^
    |   File "C:\Users\Aamin\AppData\Local\Programs\Python\Python313\Lib\concurrent\futures\_base.py", line 456, in result
    |     return self.__get_result()
    |            ~~~~~~~~~~~~~~~~~^^
    |   File "C:\Users\Aamin\AppData\Local\Programs\Python\Python313\Lib\concurrent\futures\_base.py", line 401, in __get_result
    |     raise self._exception
    |   File "C:\Users\Aamin\AppData\Local\Programs\Python\Python313\Lib\site-packages\anyio\from_thread.py", line 259, in _call_func
    |     retval = await retval_or_awaitable
    |              ^^^^^^^^^^^^^^^^^^^^^^^^^
    |   File "C:\Users\Aamin\AppData\Local\Programs\Python\Python313\Lib\site-packages\fastapi\applications.py", line 1054, in __call__
    |     await super().__call__(scope, receive, send)
    |   File "C:\Users\Aamin\AppData\Local\Programs\Python\Python313\Lib\site-packages\starlette\applications.py", line 113, in __call__
    |     await self.middleware_stack(scope, receive, send)
    |   File "C:\Users\Aamin\AppData\Local\Programs\Python\Python313\Lib\site-packages\starlette\middleware\errors.py", line 187, in __call__
    |     raise exc
    |   File "C:\Users\Aamin\AppData\Local\Programs\Python\Python313\Lib\site-packages\starlette\middleware\errors.py", line 165, in __call__
    |     await self.app(scope, receive, _send)
    |   File "C:\Users\Aamin\AppData\Local\Programs\Python\Python313\Lib\site-packages\starlette\middleware\cors.py", line 85, in __call__
    |     await self.app(scope, receive, send)
    |   File "C:\Users\Aamin\AppData\Local\Programs\Python\Python313\Lib\site-packages\starlette\middleware\base.py", line 185, in __call__
    |     with collapse_excgroups():
    |          ~~~~~~~~~~~~~~~~~~^^
    |   File "C:\Users\Aamin\AppData\Local\Programs\Python\Python313\Lib\contextlib.py", line 162, in __exit__
    |     self.gen.throw(value)
    |     ~~~~~~~~~~~~~~^^^^^^^
    |   File "C:\Users\Aamin\AppData\Local\Programs\Python\Python313\Lib\site-packages\starlette\_utils.py", line 83, in collapse_excgroups
    |     raise exc
    |   File "C:\Users\Aamin\AppData\Local\Programs\Python\Python313\Lib\site-packages\starlette\middleware\base.py", line 187, in __call__
    |     response = await self.dispatch_func(request, call_next)
    |                ^^^^^^^^^^^^^^^^^^^^^^^^^^^^^^^^^^^^^^^^^^^^
    |   File "C:\Users\Aamin\AppData\Local\Programs\Python\Python313\Lib\site-packages\slowapi\middleware.py", line 136, in dispatch
    |     response = await call_next(request)
    |                ^^^^^^^^^^^^^^^^^^^^^^^^
    |   File "C:\Users\Aamin\AppData\Local\Programs\Python\Python313\Lib\site-packages\starlette\middleware\base.py", line 163, in call_next
    |     raise app_exc
    |   File "C:\Users\Aamin\AppData\Local\Programs\Python\Python313\Lib\site-packages\starlette\middleware\base.py", line 149, in coro
    |     await self.app(scope, receive_or_disconnect, send_no_error)
    |   File "C:\Users\Aamin\AppData\Local\Programs\Python\Python313\Lib\site-packages\starlette\middleware\exceptions.py", line 62, in __call__
    |     await wrap_app_handling_exceptions(self.app, conn)(scope, receive, send)
    |   File "C:\Users\Aamin\AppData\Local\Programs\Python\Python313\Lib\site-packages\starlette\_exception_handler.py", line 62, in wrapped_app
    |     raise exc
    |   File "C:\Users\Aamin\AppData\Local\Programs\Python\Python313\Lib\site-packages\starlette\_exception_handler.py", line 51, in wrapped_app
    |     await app(scope, receive, sender)
    |   File "C:\Users\Aamin\AppData\Local\Programs\Python\Python313\Lib\site-packages\starlette\routing.py", line 715, in __call__
    |     await self.middleware_stack(scope, receive, send)
    |   File "C:\Users\Aamin\AppData\Local\Programs\Python\Python313\Lib\site-packages\starlette\routing.py", line 735, in app
    |     await route.handle(scope, receive, send)
    |   File "C:\Users\Aamin\AppData\Local\Programs\Python\Python313\Lib\site-packages\starlette\routing.py", line 288, in handle
    |     await self.app(scope, receive, send)
    |   File "C:\Users\Aamin\AppData\Local\Programs\Python\Python313\Lib\site-packages\starlette\routing.py", line 76, in app
    |     await wrap_app_handling_exceptions(app, request)(scope, receive, send)
    |   File "C:\Users\Aamin\AppData\Local\Programs\Python\Python313\Lib\site-packages\starlette\_exception_handler.py", line 62, in wrapped_app
    |     raise exc
    |   File "C:\Users\Aamin\AppData\Local\Programs\Python\Python313\Lib\site-packages\starlette\_exception_handler.py", line 51, in wrapped_app
    |     await app(scope, receive, sender)
    |   File "C:\Users\Aamin\AppData\Local\Programs\Python\Python313\Lib\site-packages\starlette\routing.py", line 73, in app
    |     response = await f(request)
    |                ^^^^^^^^^^^^^^^^
    |   File "C:\Users\Aamin\AppData\Local\Programs\Python\Python313\Lib\site-packages\fastapi\routing.py", line 301, in app
    |     raw_response = await run_endpoint_function(
    |                    ^^^^^^^^^^^^^^^^^^^^^^^^^^^^
    |     ...<3 lines>...
    |     )
    |     ^
    |   File "C:\Users\Aamin\AppData\Local\Programs\Python\Python313\Lib\site-packages\fastapi\routing.py", line 212, in run_endpoint_function
    |     return await dependant.call(**values)
    |            ^^^^^^^^^^^^^^^^^^^^^^^^^^^^^^
    |   File "C:\Users\Aamin\Desktop\App\vaultkey\backend\app\routes\files.py", line 115, in upload_encrypted_file
    |     await run_in_threadpool(delete_file, object_key)
    |   File "C:\Users\Aamin\AppData\Local\Programs\Python\Python313\Lib\site-packages\starlette\concurrency.py", line 39, in run_in_threadpool
    |     return await anyio.to_thread.run_sync(func, *args)
    |            ^^^^^^^^^^^^^^^^^^^^^^^^^^^^^^^^^^^^^^^^^^^
    |   File "C:\Users\Aamin\AppData\Local\Programs\Python\Python313\Lib\site-packages\anyio\to_thread.py", line 63, in run_sync
    |     return await get_async_backend().run_sync_in_worker_thread(
    |            ^^^^^^^^^^^^^^^^^^^^^^^^^^^^^^^^^^^^^^^^^^^^^^^^^^^^
    |         func, args, abandon_on_cancel=abandon_on_cancel, limiter=limiter
    |         ^^^^^^^^^^^^^^^^^^^^^^^^^^^^^^^^^^^^^^^^^^^^^^^^^^^^^^^^^^^^^^^^
    |     )
    |     ^
    |   File "C:\Users\Aamin\AppData\Local\Programs\Python\Python313\Lib\site-packages\anyio\_backends\_asyncio.py", line 2502, in run_sync_in_worker_thread
    |     return await future
    |            ^^^^^^^^^^^^
    |   File "C:\Users\Aamin\AppData\Local\Programs\Python\Python313\Lib\site-packages\anyio\_backends\_asyncio.py", line 986, in run
    |     result = context.run(func, *args)
    |   File "C:\Users\Aamin\Desktop\App\vaultkey\backend\app\storage.py", line 219, in delete_file
    |     _get_client().delete_object(Bucket=R2_BUCKET_NAME, Key=key)
    |     ~~~~~~~~~~~^^
    |   File "C:\Users\Aamin\Desktop\App\vaultkey\backend\app\storage.py", line 77, in _get_client
    |     _s3_client = boto3.client(
    |         "s3",
    |     ...<4 lines>...
    |         config=_CLIENT_CONFIG,
    |     )
    |   File "C:\Users\Aamin\AppData\Local\Programs\Python\Python313\Lib\site-packages\boto3\__init__.py", line 92, in client
    |     return _get_default_session().client(*args, **kwargs)
    |            ~~~~~~~~~~~~~~~~~~~~~~~~~~~~~^^^^^^^^^^^^^^^^^
    |   File "C:\Users\Aamin\AppData\Local\Programs\Python\Python313\Lib\site-packages\boto3\session.py", line 297, in client
    |     return self._session.create_client(
    |            ~~~~~~~~~~~~~~~~~~~~~~~~~~~^
    |         service_name,
    |         ^^^^^^^^^^^^^
    |     ...<8 lines>...
    |         config=config,
    |         ^^^^^^^^^^^^^^
    |     )
    |     ^
    |   File "C:\Users\Aamin\AppData\Local\Programs\Python\Python313\Lib\site-packages\botocore\session.py", line 997, in create_client
    |     client = client_creator.create_client(
    |         service_name=service_name,
    |     ...<8 lines>...
    |         auth_token=auth_token,
    |     )
    |   File "C:\Users\Aamin\AppData\Local\Programs\Python\Python313\Lib\site-packages\botocore\client.py", line 165, in create_client
    |     client_args = self._get_client_args(
    |         service_model,
    |     ...<10 lines>...
    |         partition_data,
    |     )
    |   File "C:\Users\Aamin\AppData\Local\Programs\Python\Python313\Lib\site-packages\botocore\client.py", line 524, in _get_client_args
    |     return args_creator.get_client_args(
    |            ~~~~~~~~~~~~~~~~~~~~~~~~~~~~^
    |         service_model,
    |         ^^^^^^^^^^^^^^
    |     ...<10 lines>...
    |         partition_data,
    |         ^^^^^^^^^^^^^^^
    |     )
    |     ^
    |   File "C:\Users\Aamin\AppData\Local\Programs\Python\Python313\Lib\site-packages\botocore\args.py", line 138, in get_client_args
    |     endpoint = endpoint_creator.create_endpoint(
    |         service_model,
    |     ...<9 lines>...
    |         proxies_config=new_config.proxies_config,
    |     )
    |   File "C:\Users\Aamin\AppData\Local\Programs\Python\Python313\Lib\site-packages\botocore\endpoint.py", line 408, in create_endpoint
    |     raise ValueError(f"Invalid endpoint: {endpoint_url}")
    | ValueError: Invalid endpoint: https://test_account.r2.cloudflarestorage.com
    +------------------------------------

During handling of the above exception, another exception occurred:

Traceback (most recent call last):
  File "C:\Users\Aamin\Desktop\App\vaultkey\backend\test_view_only.py", line 94, in setUpClass
    cls.file_id = _upload_file()
                  ~~~~~~~~~~~~^^
  File "C:\Users\Aamin\Desktop\App\vaultkey\backend\test_view_only.py", line 65, in _upload_file
    r = client.post("/api/files", headers=_auth_headers(), files=files, data=data)
  File "C:\Users\Aamin\AppData\Local\Programs\Python\Python313\Lib\site-packages\starlette\testclient.py", line 597, in post
    return super().post(
           ~~~~~~~~~~~~^
        url,
        ^^^^
    ...<10 lines>...
        extensions=extensions,
        ^^^^^^^^^^^^^^^^^^^^^^
    )
    ^
  File "C:\Users\Aamin\AppData\Local\Programs\Python\Python313\Lib\site-packages\httpx\_client.py", line 1145, in post
    return self.request(
           ~~~~~~~~~~~~^
        "POST",
        ^^^^^^^
    ...<11 lines>...
        extensions=extensions,
        ^^^^^^^^^^^^^^^^^^^^^^
    )
    ^
  File "C:\Users\Aamin\AppData\Local\Programs\Python\Python313\Lib\site-packages\starlette\testclient.py", line 488, in request
    return super().request(
           ~~~~~~~~~~~~~~~^
        method,
        ^^^^^^^
    ...<11 lines>...
        extensions=extensions,
        ^^^^^^^^^^^^^^^^^^^^^^
    )
    ^
  File "C:\Users\Aamin\AppData\Local\Programs\Python\Python313\Lib\site-packages\httpx\_client.py", line 827, in request
    return self.send(request, auth=auth, follow_redirects=follow_redirects)
           ~~~~~~~~~^^^^^^^^^^^^^^^^^^^^^^^^^^^^^^^^^^^^^^^^^^^^^^^^^^^^^^^
  File "C:\Users\Aamin\AppData\Local\Programs\Python\Python313\Lib\site-packages\httpx\_client.py", line 914, in send
    response = self._send_handling_auth(
        request,
    ...<2 lines>...
        history=[],
    )
  File "C:\Users\Aamin\AppData\Local\Programs\Python\Python313\Lib\site-packages\httpx\_client.py", line 942, in _send_handling_auth
    response = self._send_handling_redirects(
        request,
        follow_redirects=follow_redirects,
        history=history,
    )
  File "C:\Users\Aamin\AppData\Local\Programs\Python\Python313\Lib\site-packages\httpx\_client.py", line 979, in _send_handling_redirects
    response = self._send_single_request(request)
  File "C:\Users\Aamin\AppData\Local\Programs\Python\Python313\Lib\site-packages\httpx\_client.py", line 1015, in _send_single_request
    response = transport.handle_request(request)
  File "C:\Users\Aamin\AppData\Local\Programs\Python\Python313\Lib\site-packages\starlette\testclient.py", line 381, in handle_request
    raise exc
  File "C:\Users\Aamin\AppData\Local\Programs\Python\Python313\Lib\site-packages\starlette\testclient.py", line 378, in handle_request
    portal.call(self.app, scope, receive, send)
    ~~~~~~~~~~~^^^^^^^^^^^^^^^^^^^^^^^^^^^^^^^^
  File "C:\Users\Aamin\AppData\Local\Programs\Python\Python313\Lib\site-packages\anyio\from_thread.py", line 334, in call
    return cast(T_Retval, self.start_task_soon(func, *args).result())
                          ~~~~~~~~~~~~~~~~~~~~~~~~~~~~~~~~~~~~~~~~^^
  File "C:\Users\Aamin\AppData\Local\Programs\Python\Python313\Lib\concurrent\futures\_base.py", line 456, in result
    return self.__get_result()
           ~~~~~~~~~~~~~~~~~^^
  File "C:\Users\Aamin\AppData\Local\Programs\Python\Python313\Lib\concurrent\futures\_base.py", line 401, in __get_result
    raise self._exception
  File "C:\Users\Aamin\AppData\Local\Programs\Python\Python313\Lib\site-packages\anyio\from_thread.py", line 259, in _call_func
    retval = await retval_or_awaitable
             ^^^^^^^^^^^^^^^^^^^^^^^^^
  File "C:\Users\Aamin\AppData\Local\Programs\Python\Python313\Lib\site-packages\fastapi\applications.py", line 1054, in __call__
    await super().__call__(scope, receive, send)
  File "C:\Users\Aamin\AppData\Local\Programs\Python\Python313\Lib\site-packages\starlette\applications.py", line 113, in __call__
    await self.middleware_stack(scope, receive, send)
  File "C:\Users\Aamin\AppData\Local\Programs\Python\Python313\Lib\site-packages\starlette\middleware\errors.py", line 187, in __call__
    raise exc
  File "C:\Users\Aamin\AppData\Local\Programs\Python\Python313\Lib\site-packages\starlette\middleware\errors.py", line 165, in __call__
    await self.app(scope, receive, _send)
  File "C:\Users\Aamin\AppData\Local\Programs\Python\Python313\Lib\site-packages\starlette\middleware\cors.py", line 85, in __call__
    await self.app(scope, receive, send)
  File "C:\Users\Aamin\AppData\Local\Programs\Python\Python313\Lib\site-packages\starlette\middleware\base.py", line 185, in __call__
    with collapse_excgroups():
         ~~~~~~~~~~~~~~~~~~^^
  File "C:\Users\Aamin\AppData\Local\Programs\Python\Python313\Lib\contextlib.py", line 162, in __exit__
    self.gen.throw(value)
    ~~~~~~~~~~~~~~^^^^^^^
  File "C:\Users\Aamin\AppData\Local\Programs\Python\Python313\Lib\site-packages\starlette\_utils.py", line 83, in collapse_excgroups
    raise exc
  File "C:\Users\Aamin\AppData\Local\Programs\Python\Python313\Lib\site-packages\starlette\middleware\base.py", line 187, in __call__
    response = await self.dispatch_func(request, call_next)
               ^^^^^^^^^^^^^^^^^^^^^^^^^^^^^^^^^^^^^^^^^^^^
  File "C:\Users\Aamin\AppData\Local\Programs\Python\Python313\Lib\site-packages\slowapi\middleware.py", line 136, in dispatch
    response = await call_next(request)
               ^^^^^^^^^^^^^^^^^^^^^^^^
  File "C:\Users\Aamin\AppData\Local\Programs\Python\Python313\Lib\site-packages\starlette\middleware\base.py", line 163, in call_next
    raise app_exc
  File "C:\Users\Aamin\AppData\Local\Programs\Python\Python313\Lib\site-packages\starlette\middleware\base.py", line 149, in coro
    await self.app(scope, receive_or_disconnect, send_no_error)
  File "C:\Users\Aamin\AppData\Local\Programs\Python\Python313\Lib\site-packages\starlette\middleware\exceptions.py", line 62, in __call__
    await wrap_app_handling_exceptions(self.app, conn)(scope, receive, send)
  File "C:\Users\Aamin\AppData\Local\Programs\Python\Python313\Lib\site-packages\starlette\_exception_handler.py", line 62, in wrapped_app
    raise exc
  File "C:\Users\Aamin\AppData\Local\Programs\Python\Python313\Lib\site-packages\starlette\_exception_handler.py", line 51, in wrapped_app
    await app(scope, receive, sender)
  File "C:\Users\Aamin\AppData\Local\Programs\Python\Python313\Lib\site-packages\starlette\routing.py", line 715, in __call__
    await self.middleware_stack(scope, receive, send)
  File "C:\Users\Aamin\AppData\Local\Programs\Python\Python313\Lib\site-packages\starlette\routing.py", line 735, in app
    await route.handle(scope, receive, send)
  File "C:\Users\Aamin\AppData\Local\Programs\Python\Python313\Lib\site-packages\starlette\routing.py", line 288, in handle
    await self.app(scope, receive, send)
  File "C:\Users\Aamin\AppData\Local\Programs\Python\Python313\Lib\site-packages\starlette\routing.py", line 76, in app
    await wrap_app_handling_exceptions(app, request)(scope, receive, send)
  File "C:\Users\Aamin\AppData\Local\Programs\Python\Python313\Lib\site-packages\starlette\_exception_handler.py", line 62, in wrapped_app
    raise exc
  File "C:\Users\Aamin\AppData\Local\Programs\Python\Python313\Lib\site-packages\starlette\_exception_handler.py", line 51, in wrapped_app
    await app(scope, receive, sender)
  File "C:\Users\Aamin\AppData\Local\Programs\Python\Python313\Lib\site-packages\starlette\routing.py", line 73, in app
    response = await f(request)
               ^^^^^^^^^^^^^^^^
  File "C:\Users\Aamin\AppData\Local\Programs\Python\Python313\Lib\site-packages\fastapi\routing.py", line 301, in app
    raw_response = await run_endpoint_function(
                   ^^^^^^^^^^^^^^^^^^^^^^^^^^^^
    ...<3 lines>...
    )
    ^
  File "C:\Users\Aamin\AppData\Local\Programs\Python\Python313\Lib\site-packages\fastapi\routing.py", line 212, in run_endpoint_function
    return await dependant.call(**values)
           ^^^^^^^^^^^^^^^^^^^^^^^^^^^^^^
  File "C:\Users\Aamin\Desktop\App\vaultkey\backend\app\routes\files.py", line 115, in upload_encrypted_file
    await run_in_threadpool(delete_file, object_key)
  File "C:\Users\Aamin\AppData\Local\Programs\Python\Python313\Lib\site-packages\starlette\concurrency.py", line 39, in run_in_threadpool
    return await anyio.to_thread.run_sync(func, *args)
           ^^^^^^^^^^^^^^^^^^^^^^^^^^^^^^^^^^^^^^^^^^^
  File "C:\Users\Aamin\AppData\Local\Programs\Python\Python313\Lib\site-packages\anyio\to_thread.py", line 63, in run_sync
    return await get_async_backend().run_sync_in_worker_thread(
           ^^^^^^^^^^^^^^^^^^^^^^^^^^^^^^^^^^^^^^^^^^^^^^^^^^^^
        func, args, abandon_on_cancel=abandon_on_cancel, limiter=limiter
        ^^^^^^^^^^^^^^^^^^^^^^^^^^^^^^^^^^^^^^^^^^^^^^^^^^^^^^^^^^^^^^^^
    )
    ^
  File "C:\Users\Aamin\AppData\Local\Programs\Python\Python313\Lib\site-packages\anyio\_backends\_asyncio.py", line 2502, in run_sync_in_worker_thread
    return await future
           ^^^^^^^^^^^^
  File "C:\Users\Aamin\AppData\Local\Programs\Python\Python313\Lib\site-packages\anyio\_backends\_asyncio.py", line 986, in run
    result = context.run(func, *args)
  File "C:\Users\Aamin\Desktop\App\vaultkey\backend\app\storage.py", line 219, in delete_file
    _get_client().delete_object(Bucket=R2_BUCKET_NAME, Key=key)
    ~~~~~~~~~~~^^
  File "C:\Users\Aamin\Desktop\App\vaultkey\backend\app\storage.py", line 77, in _get_client
    _s3_client = boto3.client(
        "s3",
    ...<4 lines>...
        config=_CLIENT_CONFIG,
    )
  File "C:\Users\Aamin\AppData\Local\Programs\Python\Python313\Lib\site-packages\boto3\__init__.py", line 92, in client
    return _get_default_session().client(*args, **kwargs)
           ~~~~~~~~~~~~~~~~~~~~~~~~~~~~~^^^^^^^^^^^^^^^^^
  File "C:\Users\Aamin\AppData\Local\Programs\Python\Python313\Lib\site-packages\boto3\session.py", line 297, in client
    return self._session.create_client(
           ~~~~~~~~~~~~~~~~~~~~~~~~~~~^
        service_name,
        ^^^^^^^^^^^^^
    ...<8 lines>...
        config=config,
        ^^^^^^^^^^^^^^
    )
    ^
  File "C:\Users\Aamin\AppData\Local\Programs\Python\Python313\Lib\site-packages\botocore\session.py", line 997, in create_client
    client = client_creator.create_client(
        service_name=service_name,
    ...<8 lines>...
        auth_token=auth_token,
    )
  File "C:\Users\Aamin\AppData\Local\Programs\Python\Python313\Lib\site-packages\botocore\client.py", line 165, in create_client
    client_args = self._get_client_args(
        service_model,
    ...<10 lines>...
        partition_data,
    )
  File "C:\Users\Aamin\AppData\Local\Programs\Python\Python313\Lib\site-packages\botocore\client.py", line 524, in _get_client_args
    return args_creator.get_client_args(
           ~~~~~~~~~~~~~~~~~~~~~~~~~~~~^
        service_model,
        ^^^^^^^^^^^^^^
    ...<10 lines>...
        partition_data,
        ^^^^^^^^^^^^^^^
    )
    ^
  File "C:\Users\Aamin\AppData\Local\Programs\Python\Python313\Lib\site-packages\botocore\args.py", line 138, in get_client_args
    endpoint = endpoint_creator.create_endpoint(
        service_model,
    ...<9 lines>...
        proxies_config=new_config.proxies_config,
    )
  File "C:\Users\Aamin\AppData\Local\Programs\Python\Python313\Lib\site-packages\botocore\endpoint.py", line 408, in create_endpoint
    raise ValueError(f"Invalid endpoint: {endpoint_url}")
ValueError: Invalid endpoint: https://test_account.r2.cloudflarestorage.com

During handling of the above exception, another exception occurred:
backend\test_view_only.py:94: in setUpClass
    cls.file_id = _upload_file()
                  ^^^^^^^^^^^^^^
backend\test_view_only.py:65: in _upload_file
    r = client.post("/api/files", headers=_auth_headers(), files=files, data=data)
        ^^^^^^^^^^^^^^^^^^^^^^^^^^^^^^^^^^^^^^^^^^^^^^^^^^^^^^^^^^^^^^^^^^^^^^^^^^
..\..\..\AppData\Local\Programs\Python\Python313\Lib\site-packages\starlette\testclient.py:597: in post
    return super().post(
..\..\..\AppData\Local\Programs\Python\Python313\Lib\site-packages\httpx\_client.py:1145: in post
    return self.request(
..\..\..\AppData\Local\Programs\Python\Python313\Lib\site-packages\starlette\testclient.py:488: in request
    return super().request(
..\..\..\AppData\Local\Programs\Python\Python313\Lib\site-packages\httpx\_client.py:827: in request
    return self.send(request, auth=auth, follow_redirects=follow_redirects)
           ^^^^^^^^^^^^^^^^^^^^^^^^^^^^^^^^^^^^^^^^^^^^^^^^^^^^^^^^^^^^^^^^
..\..\..\AppData\Local\Programs\Python\Python313\Lib\site-packages\httpx\_client.py:914: in send
    response = self._send_handling_auth(
..\..\..\AppData\Local\Programs\Python\Python313\Lib\site-packages\httpx\_client.py:942: in _send_handling_auth
    response = self._send_handling_redirects(
..\..\..\AppData\Local\Programs\Python\Python313\Lib\site-packages\httpx\_client.py:979: in _send_handling_redirects
    response = self._send_single_request(request)
               ^^^^^^^^^^^^^^^^^^^^^^^^^^^^^^^^^^
..\..\..\AppData\Local\Programs\Python\Python313\Lib\site-packages\httpx\_client.py:1015: in _send_single_request
    response = transport.handle_request(request)
               ^^^^^^^^^^^^^^^^^^^^^^^^^^^^^^^^^
..\..\..\AppData\Local\Programs\Python\Python313\Lib\site-packages\starlette\testclient.py:381: in handle_request
    raise exc
..\..\..\AppData\Local\Programs\Python\Python313\Lib\site-packages\starlette\testclient.py:378: in handle_request
    portal.call(self.app, scope, receive, send)
..\..\..\AppData\Local\Programs\Python\Python313\Lib\site-packages\anyio\from_thread.py:334: in call
    return cast(T_Retval, self.start_task_soon(func, *args).result())
                          ^^^^^^^^^^^^^^^^^^^^^^^^^^^^^^^^^^^^^^^^^^
..\..\..\AppData\Local\Programs\Python\Python313\Lib\concurrent\futures\_base.py:456: in result
    return self.__get_result()
           ^^^^^^^^^^^^^^^^^^^
..\..\..\AppData\Local\Programs\Python\Python313\Lib\concurrent\futures\_base.py:401: in __get_result
    raise self._exception
..\..\..\AppData\Local\Programs\Python\Python313\Lib\site-packages\anyio\from_thread.py:259: in _call_func
    retval = await retval_or_awaitable
             ^^^^^^^^^^^^^^^^^^^^^^^^^
..\..\..\AppData\Local\Programs\Python\Python313\Lib\site-packages\fastapi\applications.py:1054: in __call__
    await super().__call__(scope, receive, send)
..\..\..\AppData\Local\Programs\Python\Python313\Lib\site-packages\starlette\applications.py:113: in __call__
    await self.middleware_stack(scope, receive, send)
..\..\..\AppData\Local\Programs\Python\Python313\Lib\site-packages\starlette\middleware\errors.py:187: in __call__
    raise exc
..\..\..\AppData\Local\Programs\Python\Python313\Lib\site-packages\starlette\middleware\errors.py:165: in __call__
    await self.app(scope, receive, _send)
..\..\..\AppData\Local\Programs\Python\Python313\Lib\site-packages\starlette\middleware\cors.py:85: in __call__
    await self.app(scope, receive, send)
..\..\..\AppData\Local\Programs\Python\Python313\Lib\site-packages\starlette\middleware\base.py:185: in __call__
    with collapse_excgroups():
         ^^^^^^^^^^^^^^^^^^^^
..\..\..\AppData\Local\Programs\Python\Python313\Lib\contextlib.py:162: in __exit__
    self.gen.throw(value)
..\..\..\AppData\Local\Programs\Python\Python313\Lib\site-packages\starlette\_utils.py:83: in collapse_excgroups
    raise exc
..\..\..\AppData\Local\Programs\Python\Python313\Lib\site-packages\starlette\middleware\base.py:187: in __call__
    response = await self.dispatch_func(request, call_next)
               ^^^^^^^^^^^^^^^^^^^^^^^^^^^^^^^^^^^^^^^^^^^^
..\..\..\AppData\Local\Programs\Python\Python313\Lib\site-packages\slowapi\middleware.py:136: in dispatch
    response = await call_next(request)
               ^^^^^^^^^^^^^^^^^^^^^^^^
..\..\..\AppData\Local\Programs\Python\Python313\Lib\site-packages\starlette\middleware\base.py:163: in call_next
    raise app_exc
..\..\..\AppData\Local\Programs\Python\Python313\Lib\site-packages\starlette\middleware\base.py:149: in coro
    await self.app(scope, receive_or_disconnect, send_no_error)
..\..\..\AppData\Local\Programs\Python\Python313\Lib\site-packages\starlette\middleware\exceptions.py:62: in __call__
    await wrap_app_handling_exceptions(self.app, conn)(scope, receive, send)
..\..\..\AppData\Local\Programs\Python\Python313\Lib\site-packages\starlette\_exception_handler.py:62: in wrapped_app
    raise exc
..\..\..\AppData\Local\Programs\Python\Python313\Lib\site-packages\starlette\_exception_handler.py:51: in wrapped_app
    await app(scope, receive, sender)
..\..\..\AppData\Local\Programs\Python\Python313\Lib\site-packages\starlette\routing.py:715: in __call__
    await self.middleware_stack(scope, receive, send)
..\..\..\AppData\Local\Programs\Python\Python313\Lib\site-packages\starlette\routing.py:735: in app
    await route.handle(scope, receive, send)
..\..\..\AppData\Local\Programs\Python\Python313\Lib\site-packages\starlette\routing.py:288: in handle
    await self.app(scope, receive, send)
..\..\..\AppData\Local\Programs\Python\Python313\Lib\site-packages\starlette\routing.py:76: in app
    await wrap_app_handling_exceptions(app, request)(scope, receive, send)
..\..\..\AppData\Local\Programs\Python\Python313\Lib\site-packages\starlette\_exception_handler.py:62: in wrapped_app
    raise exc
..\..\..\AppData\Local\Programs\Python\Python313\Lib\site-packages\starlette\_exception_handler.py:51: in wrapped_app
    await app(scope, receive, sender)
..\..\..\AppData\Local\Programs\Python\Python313\Lib\site-packages\starlette\routing.py:73: in app
    response = await f(request)
               ^^^^^^^^^^^^^^^^
..\..\..\AppData\Local\Programs\Python\Python313\Lib\site-packages\fastapi\routing.py:301: in app
    raw_response = await run_endpoint_function(
..\..\..\AppData\Local\Programs\Python\Python313\Lib\site-packages\fastapi\routing.py:212: in run_endpoint_function
    return await dependant.call(**values)
           ^^^^^^^^^^^^^^^^^^^^^^^^^^^^^^
backend\app\routes\files.py:115: in upload_encrypted_file
    await run_in_threadpool(delete_file, object_key)
..\..\..\AppData\Local\Programs\Python\Python313\Lib\site-packages\starlette\concurrency.py:39: in run_in_threadpool
    return await anyio.to_thread.run_sync(func, *args)
           ^^^^^^^^^^^^^^^^^^^^^^^^^^^^^^^^^^^^^^^^^^^
..\..\..\AppData\Local\Programs\Python\Python313\Lib\site-packages\anyio\to_thread.py:63: in run_sync
    return await get_async_backend().run_sync_in_worker_thread(
..\..\..\AppData\Local\Programs\Python\Python313\Lib\site-packages\anyio\_backends\_asyncio.py:2502: in run_sync_in_worker_thread
    return await future
           ^^^^^^^^^^^^
..\..\..\AppData\Local\Programs\Python\Python313\Lib\site-packages\anyio\_backends\_asyncio.py:986: in run
    result = context.run(func, *args)
             ^^^^^^^^^^^^^^^^^^^^^^^^
backend\app\storage.py:219: in delete_file
    _get_client().delete_object(Bucket=R2_BUCKET_NAME, Key=key)
    ^^^^^^^^^^^^^
backend\app\storage.py:77: in _get_client
    _s3_client = boto3.client(
..\..\..\AppData\Local\Programs\Python\Python313\Lib\site-packages\boto3\__init__.py:92: in client
    return _get_default_session().client(*args, **kwargs)
           ^^^^^^^^^^^^^^^^^^^^^^^^^^^^^^^^^^^^^^^^^^^^^^
..\..\..\AppData\Local\Programs\Python\Python313\Lib\site-packages\boto3\session.py:297: in client
    return self._session.create_client(
..\..\..\AppData\Local\Programs\Python\Python313\Lib\site-packages\botocore\session.py:997: in create_client
    client = client_creator.create_client(
..\..\..\AppData\Local\Programs\Python\Python313\Lib\site-packages\botocore\client.py:165: in create_client
    client_args = self._get_client_args(
..\..\..\AppData\Local\Programs\Python\Python313\Lib\site-packages\botocore\client.py:524: in _get_client_args
    return args_creator.get_client_args(
..\..\..\AppData\Local\Programs\Python\Python313\Lib\site-packages\botocore\args.py:138: in get_client_args
    endpoint = endpoint_creator.create_endpoint(
..\..\..\AppData\Local\Programs\Python\Python313\Lib\site-packages\botocore\endpoint.py:408: in create_endpoint
    raise ValueError(f"Invalid endpoint: {endpoint_url}")
E   ValueError: Invalid endpoint: https://test_account.r2.cloudflarestorage.com
[...]
  File "C:\Users\Aamin\AppData\Local\Programs\Python\Python313\Lib\site-packages\starlette\routing.py", line 735, in app
    await route.handle(scope, receive, send)
  File "C:\Users\Aamin\AppData\Local\Programs\Python\Python313\Lib\site-packages\starlette\routing.py", line 288, in handle
    await self.app(scope, receive, send)
  File "C:\Users\Aamin\AppData\Local\Programs\Python\Python313\Lib\site-packages\starlette\routing.py", line 76, in app
    await wrap_app_handling_exceptions(app, request)(scope, receive, send)
  File "C:\Users\Aamin\AppData\Local\Programs\Python\Python313\Lib\site-packages\starlette\_exception_handler.py", line 62, in wrapped_app
    raise exc
  File "C:\Users\Aamin\AppData\Local\Programs\Python\Python313\Lib\site-packages\starlette\_exception_handler.py", line 51, in wrapped_app
    await app(scope, receive, sender)
  File "C:\Users\Aamin\AppData\Local\Programs\Python\Python313\Lib\site-packages\starlette\routing.py", line 73, in app
    response = await f(request)
               ^^^^^^^^^^^^^^^^
  File "C:\Users\Aamin\AppData\Local\Programs\Python\Python313\Lib\site-packages\fastapi\routing.py", line 301, in app
    raw_response = await run_endpoint_function(
                   ^^^^^^^^^^^^^^^^^^^^^^^^^^^^
    ...<3 lines>...
    )
    ^
  File "C:\Users\Aamin\AppData\Local\Programs\Python\Python313\Lib\site-packages\fastapi\routing.py", line 212, in run_endpoint_function
    return await dependant.call(**values)
           ^^^^^^^^^^^^^^^^^^^^^^^^^^^^^^
  File "C:\Users\Aamin\Desktop\App\vaultkey\backend\app\routes\files.py", line 115, in upload_encrypted_file
    await run_in_threadpool(delete_file, object_key)
  File "C:\Users\Aamin\AppData\Local\Programs\Python\Python313\Lib\site-packages\starlette\concurrency.py", line 39, in run_in_threadpool
    return await anyio.to_thread.run_sync(func, *args)
           ^^^^^^^^^^^^^^^^^^^^^^^^^^^^^^^^^^^^^^^^^^^
  File "C:\Users\Aamin\AppData\Local\Programs\Python\Python313\Lib\site-packages\anyio\to_thread.py", line 63, in run_sync
    return await get_async_backend().run_sync_in_worker_thread(
           ^^^^^^^^^^^^^^^^^^^^^^^^^^^^^^^^^^^^^^^^^^^^^^^^^^^^
        func, args, abandon_on_cancel=abandon_on_cancel, limiter=limiter
        ^^^^^^^^^^^^^^^^^^^^^^^^^^^^^^^^^^^^^^^^^^^^^^^^^^^^^^^^^^^^^^^^
    )
    ^
  File "C:\Users\Aamin\AppData\Local\Programs\Python\Python313\Lib\site-packages\anyio\_backends\_asyncio.py", line 2502, in run_sync_in_worker_thread
    return await future
           ^^^^^^^^^^^^
  File "C:\Users\Aamin\AppData\Local\Programs\Python\Python313\Lib\site-packages\anyio\_backends\_asyncio.py", line 986, in run
    result = context.run(func, *args)
  File "C:\Users\Aamin\Desktop\App\vaultkey\backend\app\storage.py", line 219, in delete_file
    _get_client().delete_object(Bucket=R2_BUCKET_NAME, Key=key)
    ~~~~~~~~~~~^^
  File "C:\Users\Aamin\Desktop\App\vaultkey\backend\app\storage.py", line 77, in _get_client
    _s3_client = boto3.client(
        "s3",
    ...<4 lines>...
        config=_CLIENT_CONFIG,
    )
  File "C:\Users\Aamin\AppData\Local\Programs\Python\Python313\Lib\site-packages\boto3\__init__.py", line 92, in client
    return _get_default_session().client(*args, **kwargs)
           ~~~~~~~~~~~~~~~~~~~~~~~~~~~~~^^^^^^^^^^^^^^^^^
  File "C:\Users\Aamin\AppData\Local\Programs\Python\Python313\Lib\site-packages\boto3\session.py", line 297, in client
    return self._session.create_client(
           ~~~~~~~~~~~~~~~~~~~~~~~~~~~^
        service_name,
        ^^^^^^^^^^^^^
    ...<8 lines>...
        config=config,
        ^^^^^^^^^^^^^^
    )
    ^
  File "C:\Users\Aamin\AppData\Local\Programs\Python\Python313\Lib\site-packages\botocore\session.py", line 997, in create_client
    client = client_creator.create_client(
        service_name=service_name,
    ...<8 lines>...
        auth_token=auth_token,
    )
  File "C:\Users\Aamin\AppData\Local\Programs\Python\Python313\Lib\site-packages\botocore\client.py", line 165, in create_client
    client_args = self._get_client_args(
        service_model,
    ...<10 lines>...
        partition_data,
    )
  File "C:\Users\Aamin\AppData\Local\Programs\Python\Python313\Lib\site-packages\botocore\client.py", line 524, in _get_client_args
    return args_creator.get_client_args(
           ~~~~~~~~~~~~~~~~~~~~~~~~~~~~^
        service_model,
        ^^^^^^^^^^^^^^
    ...<10 lines>...
        partition_data,
        ^^^^^^^^^^^^^^^
    )
    ^
  File "C:\Users\Aamin\AppData\Local\Programs\Python\Python313\Lib\site-packages\botocore\args.py", line 138, in get_client_args
    endpoint = endpoint_creator.create_endpoint(
        service_model,
    ...<9 lines>...
        proxies_config=new_config.proxies_config,
    )
  File "C:\Users\Aamin\AppData\Local\Programs\Python\Python313\Lib\site-packages\botocore\endpoint.py", line 408, in create_endpoint
    raise ValueError(f"Invalid endpoint: {endpoint_url}")
ValueError: Invalid endpoint: https://test_account.r2.cloudflarestorage.com

During handling of the above exception, another exception occurred:
backend\test_vaultkey.py:40: in test_full_security_journey
    upload_res = client.post("/api/files", headers=headers, files=files, data=data)
                 ^^^^^^^^^^^^^^^^^^^^^^^^^^^^^^^^^^^^^^^^^^^^^^^^^^^^^^^^^^^^^^^^^^
..\..\..\AppData\Local\Programs\Python\Python313\Lib\site-packages\starlette\testclient.py:597: in post
    return super().post(
..\..\..\AppData\Local\Programs\Python\Python313\Lib\site-packages\httpx\_client.py:1145: in post
    return self.request(
..\..\..\AppData\Local\Programs\Python\Python313\Lib\site-packages\starlette\testclient.py:488: in request
    return super().request(
..\..\..\AppData\Local\Programs\Python\Python313\Lib\site-packages\httpx\_client.py:827: in request
    return self.send(request, auth=auth, follow_redirects=follow_redirects)
           ^^^^^^^^^^^^^^^^^^^^^^^^^^^^^^^^^^^^^^^^^^^^^^^^^^^^^^^^^^^^^^^^
..\..\..\AppData\Local\Programs\Python\Python313\Lib\site-packages\httpx\_client.py:914: in send
    response = self._send_handling_auth(
..\..\..\AppData\Local\Programs\Python\Python313\Lib\site-packages\httpx\_client.py:942: in _send_handling_auth
    response = self._send_handling_redirects(
..\..\..\AppData\Local\Programs\Python\Python313\Lib\site-packages\httpx\_client.py:979: in _send_handling_redirects
    response = self._send_single_request(request)
               ^^^^^^^^^^^^^^^^^^^^^^^^^^^^^^^^^^
..\..\..\AppData\Local\Programs\Python\Python313\Lib\site-packages\httpx\_client.py:1015: in _send_single_request
    response = transport.handle_request(request)
               ^^^^^^^^^^^^^^^^^^^^^^^^^^^^^^^^^
..\..\..\AppData\Local\Programs\Python\Python313\Lib\site-packages\starlette\testclient.py:381: in handle_request
    raise exc
..\..\..\AppData\Local\Programs\Python\Python313\Lib\site-packages\starlette\testclient.py:378: in handle_request
    portal.call(self.app, scope, receive, send)
..\..\..\AppData\Local\Programs\Python\Python313\Lib\site-packages\anyio\from_thread.py:334: in call
    return cast(T_Retval, self.start_task_soon(func, *args).result())
                          ^^^^^^^^^^^^^^^^^^^^^^^^^^^^^^^^^^^^^^^^^^
..\..\..\AppData\Local\Programs\Python\Python313\Lib\concurrent\futures\_base.py:456: in result
    return self.__get_result()
           ^^^^^^^^^^^^^^^^^^^
..\..\..\AppData\Local\Programs\Python\Python313\Lib\concurrent\futures\_base.py:401: in __get_result
    raise self._exception
..\..\..\AppData\Local\Programs\Python\Python313\Lib\site-packages\anyio\from_thread.py:259: in _call_func
    retval = await retval_or_awaitable
             ^^^^^^^^^^^^^^^^^^^^^^^^^
..\..\..\AppData\Local\Programs\Python\Python313\Lib\site-packages\fastapi\applications.py:1054: in __call__
    await super().__call__(scope, receive, send)
..\..\..\AppData\Local\Programs\Python\Python313\Lib\site-packages\starlette\applications.py:113: in __call__
    await self.middleware_stack(scope, receive, send)
..\..\..\AppData\Local\Programs\Python\Python313\Lib\site-packages\starlette\middleware\errors.py:187: in __call__
    raise exc
..\..\..\AppData\Local\Programs\Python\Python313\Lib\site-packages\starlette\middleware\errors.py:165: in __call__
    await self.app(scope, receive, _send)
..\..\..\AppData\Local\Programs\Python\Python313\Lib\site-packages\starlette\middleware\cors.py:85: in __call__
    await self.app(scope, receive, send)
..\..\..\AppData\Local\Programs\Python\Python313\Lib\site-packages\starlette\middleware\base.py:185: in __call__
    with collapse_excgroups():
         ^^^^^^^^^^^^^^^^^^^^
..\..\..\AppData\Local\Programs\Python\Python313\Lib\contextlib.py:162: in __exit__
    self.gen.throw(value)
..\..\..\AppData\Local\Programs\Python\Python313\Lib\site-packages\starlette\_utils.py:83: in collapse_excgroups
    raise exc
..\..\..\AppData\Local\Programs\Python\Python313\Lib\site-packages\starlette\middleware\base.py:187: in __call__
    response = await self.dispatch_func(request, call_next)
               ^^^^^^^^^^^^^^^^^^^^^^^^^^^^^^^^^^^^^^^^^^^^
..\..\..\AppData\Local\Programs\Python\Python313\Lib\site-packages\slowapi\middleware.py:136: in dispatch
    response = await call_next(request)
               ^^^^^^^^^^^^^^^^^^^^^^^^
..\..\..\AppData\Local\Programs\Python\Python313\Lib\site-packages\starlette\middleware\base.py:163: in call_next
    raise app_exc
..\..\..\AppData\Local\Programs\Python\Python313\Lib\site-packages\starlette\middleware\base.py:149: in coro
    await self.app(scope, receive_or_disconnect, send_no_error)
..\..\..\AppData\Local\Programs\Python\Python313\Lib\site-packages\starlette\middleware\exceptions.py:62: in __call__
    await wrap_app_handling_exceptions(self.app, conn)(scope, receive, send)
..\..\..\AppData\Local\Programs\Python\Python313\Lib\site-packages\starlette\_exception_handler.py:62: in wrapped_app
    raise exc
..\..\..\AppData\Local\Programs\Python\Python313\Lib\site-packages\starlette\_exception_handler.py:51: in wrapped_app
    await app(scope, receive, sender)
..\..\..\AppData\Local\Programs\Python\Python313\Lib\site-packages\starlette\routing.py:715: in __call__
    await self.middleware_stack(scope, receive, send)
..\..\..\AppData\Local\Programs\Python\Python313\Lib\site-packages\starlette\routing.py:735: in app
    await route.handle(scope, receive, send)
..\..\..\AppData\Local\Programs\Python\Python313\Lib\site-packages\starlette\routing.py:288: in handle
    await self.app(scope, receive, send)
..\..\..\AppData\Local\Programs\Python\Python313\Lib\site-packages\starlette\routing.py:76: in app
    await wrap_app_handling_exceptions(app, request)(scope, receive, send)
..\..\..\AppData\Local\Programs\Python\Python313\Lib\site-packages\starlette\_exception_handler.py:62: in wrapped_app
    raise exc
..\..\..\AppData\Local\Programs\Python\Python313\Lib\site-packages\starlette\_exception_handler.py:51: in wrapped_app
    await app(scope, receive, sender)
..\..\..\AppData\Local\Programs\Python\Python313\Lib\site-packages\starlette\routing.py:73: in app
    response = await f(request)
               ^^^^^^^^^^^^^^^^
..\..\..\AppData\Local\Programs\Python\Python313\Lib\site-packages\fastapi\routing.py:301: in app
    raw_response = await run_endpoint_function(
..\..\..\AppData\Local\Programs\Python\Python313\Lib\site-packages\fastapi\routing.py:212: in run_endpoint_function
    return await dependant.call(**values)
           ^^^^^^^^^^^^^^^^^^^^^^^^^^^^^^
backend\app\routes\files.py:115: in upload_encrypted_file
    await run_in_threadpool(delete_file, object_key)
..\..\..\AppData\Local\Programs\Python\Python313\Lib\site-packages\starlette\concurrency.py:39: in run_in_threadpool
    return await anyio.to_thread.run_sync(func, *args)
           ^^^^^^^^^^^^^^^^^^^^^^^^^^^^^^^^^^^^^^^^^^^
..\..\..\AppData\Local\Programs\Python\Python313\Lib\site-packages\anyio\to_thread.py:63: in run_sync
    return await get_async_backend().run_sync_in_worker_thread(
..\..\..\AppData\Local\Programs\Python\Python313\Lib\site-packages\anyio\_backends\_asyncio.py:2502: in run_sync_in_worker_thread
    return await future
           ^^^^^^^^^^^^
..\..\..\AppData\Local\Programs\Python\Python313\Lib\site-packages\anyio\_backends\_asyncio.py:986: in run
    result = context.run(func, *args)
             ^^^^^^^^^^^^^^^^^^^^^^^^
backend\app\storage.py:219: in delete_file
    _get_client().delete_object(Bucket=R2_BUCKET_NAME, Key=key)
    ^^^^^^^^^^^^^
backend\app\storage.py:77: in _get_client
    _s3_client = boto3.client(
..\..\..\AppData\Local\Programs\Python\Python313\Lib\site-packages\boto3\__init__.py:92: in client
    return _get_default_session().client(*args, **kwargs)
           ^^^^^^^^^^^^^^^^^^^^^^^^^^^^^^^^^^^^^^^^^^^^^^
..\..\..\AppData\Local\Programs\Python\Python313\Lib\site-packages\boto3\session.py:297: in client
    return self._session.create_client(
..\..\..\AppData\Local\Programs\Python\Python313\Lib\site-packages\botocore\session.py:997: in create_client
    client = client_creator.create_client(
..\..\..\AppData\Local\Programs\Python\Python313\Lib\site-packages\botocore\client.py:165: in create_client
    client_args = self._get_client_args(
..\..\..\AppData\Local\Programs\Python\Python313\Lib\site-packages\botocore\client.py:524: in _get_client_args
    return args_creator.get_client_args(
..\..\..\AppData\Local\Programs\Python\Python313\Lib\site-packages\botocore\args.py:138: in get_client_args
    endpoint = endpoint_creator.create_endpoint(
..\..\..\AppData\Local\Programs\Python\Python313\Lib\site-packages\botocore\endpoint.py:408: in create_endpoint
    raise ValueError(f"Invalid endpoint: {endpoint_url}")
E   ValueError: Invalid endpoint: https://test_account.r2.cloudflarestorage.com
---------------------------- Captured stdout call -----------------------------

--- Starting End-to-End VaultKey Security Test ---
[OK] Authentication successful
============================== warnings summary ===============================
..\..\..\AppData\Local\Programs\Python\Python313\Lib\site-packages\pydantic\_internal\_config.py:291
..\..\..\AppData\Local\Programs\Python\Python313\Lib\site-packages\pydantic\_internal\_config.py:291
..\..\..\AppData\Local\Programs\Python\Python313\Lib\site-packages\pydantic\_internal\_config.py:291
..\..\..\AppData\Local\Programs\Python\Python313\Lib\site-packages\pydantic\_internal\_config.py:291
..\..\..\AppData\Local\Programs\Python\Python313\Lib\site-packages\pydantic\_internal\_config.py:291
  C:\Users\Aamin\AppData\Local\Programs\Python\Python313\Lib\site-packages\pydantic\_internal\_config.py:291: PydanticDeprecatedSince20: Support for class-based `config` is deprecated, use ConfigDict instead. Deprecated in Pydantic V2.0 to be removed in V3.0. See Pydantic V2 Migration Guide at https://errors.pydantic.dev/2.9/migration/
    warnings.warn(DEPRECATION_MESSAGE, DeprecationWarning)

test_security_exploration.py::TestIssue8AuditLogs::test_expired_download_writes_link_expired_log
  C:\Users\Aamin\Desktop\App\vaultkey\backend\test_security_exploration.py:99: DeprecationWarning: datetime.datetime.utcnow() is deprecated and scheduled for removal in a future version. Use timezone-aware objects to represent datetimes in UTC: datetime.datetime.now(datetime.UTC).
    expires_at = datetime.utcnow() - timedelta(hours=1)  # already in the past

test_security_preservation.py::TestIssue8AuditLogPreservation::test_link_expired_logged_on_expired_share_check
  c:\Users\Aamin\Desktop\App\vaultkey\backend\test_security_preservation.py:104: DeprecationWarning: datetime.datetime.utcnow() is deprecated and scheduled for removal in a future version. Use timezone-aware objects to represent datetimes in UTC: datetime.datetime.now(datetime.UTC).
    expires_at = datetime.utcnow() - timedelta(hours=1)

-- Docs: https://docs.pytest.org/en/stable/how-to/capture-warnings.html
=========================== short test summary info ===========================
FAILED backend\test_security_exploration.py::TestIssue8AuditLogs::test_expired_branch_calls_log_event_before_raise
FAILED backend\test_security_exploration.py::TestIssue8AuditLogs::test_expired_download_writes_link_expired_log
FAILED backend\test_security_exploration.py::TestIssue8AuditLogs::test_log_event_helper_defined
FAILED backend\test_security_exploration.py::TestIssue8AuditLogs::test_revoked_branch_calls_log_event_before_raise
FAILED backend\test_security_exploration.py::TestIssue8AuditLogs::test_revoked_download_writes_access_denied_log
FAILED backend\test_security_preservation.py::TestIssue3RateLimitingPreservation::test_authorize_endpoint_returns_correct_response_for_no_password_share
FAILED backend\test_security_preservation.py::TestIssue3RateLimitingPreservation::test_five_authorize_requests_all_get_401_not_429
FAILED backend\test_security_preservation.py::TestIssue3RateLimitingPreservation::test_get_check_endpoint_unaffected_by_post_limiters
FAILED backend\test_security_preservation.py::TestIssue8AuditLogPreservation::test_access_attempt_logged_on_valid_share_check
FAILED backend\test_security_preservation.py::TestIssue8AuditLogPreservation::test_access_denied_logged_on_revoked_share_check
FAILED backend\test_security_preservation.py::TestIssue8AuditLogPreservation::test_access_denied_on_exhausted_download_limit_check
FAILED backend\test_security_preservation.py::TestIssue8AuditLogPreservation::test_access_granted_logged_on_successful_authorize
FAILED backend\test_security_preservation.py::TestIssue8AuditLogPreservation::test_access_log_event_field_values_match_spec
FAILED backend\test_security_preservation.py::TestIssue8AuditLogPreservation::test_link_expired_logged_on_expired_share_check
FAILED backend\test_security_preservation.py::TestIssue8AuditLogPreservation::test_password_failed_logged_on_wrong_password
FAILED backend\test_security_preservation.py::TestIssue11SchemaSyncPreservation::test_shares_table_columns_in_database_match_model
FAILED backend\test_vaultkey.py::TestVaultKeySecurityWorkflow::test_full_security_journey
ERROR backend\test_view_only.py::TestViewOnlyShareMode::test_01_download_share_download_endpoint_succeeds
ERROR backend\test_view_only.py::TestViewOnlyShareMode::test_02_view_only_download_endpoint_rejected
ERROR backend\test_view_only.py::TestViewOnlyShareMode::test_03_view_only_view_endpoint_succeeds
ERROR backend\test_view_only.py::TestViewOnlyShareMode::test_04_check_endpoint_returns_access_mode
ERROR backend\test_view_only.py::TestViewOnlyShareMode::test_05_expired_view_only_rejected
ERROR backend\test_view_only.py::TestViewOnlyShareMode::test_06_revoked_view_only_rejected
ERROR backend\test_view_only.py::TestViewOnlyShareMode::test_07_password_protected_view_only_requires_password
ERROR backend\test_view_only.py::TestViewOnlyShareMode::test_08_password_protected_view_only_wrong_password
ERROR backend\test_view_only.py::TestViewOnlyShareMode::test_09_download_share_unchanged_behaviour
ERROR backend\test_view_only.py::TestViewOnlyShareMode::test_10_legacy_max_downloads_zero_treated_as_view_only
ERROR backend\test_view_only.py::TestViewOnlyShareMode::test_11_audit_log_view_started_on_view
ERROR backend\test_view_only.py::TestViewOnlyShareMode::test_12_audit_log_download_blocked_on_rejected_download
ERROR backend\test_view_only.py::TestViewOnlyShareMode::test_13_report_blocked_valid_events_accepted
ERROR backend\test_view_only.py::TestViewOnlyShareMode::test_14_report_blocked_invalid_event_rejected
ERROR backend\test_view_only.py::TestViewOnlyShareMode::test_15_report_blocked_silently_ignored_for_download_shares
ERROR backend\test_view_only.py::TestViewOnlyShareMode::test_16_view_endpoint_on_download_share_rejected
ERROR backend\test_view_only.py::TestViewOnlyShareMode::test_17_view_only_does_not_increment_download_count
ERROR backend\test_view_only.py::TestViewOnlyShareMode::test_18_create_share_response_includes_access_mode
============ 17 failed, 82 passed, 7 warnings, 18 errors in 15.87s ============
